#
# There is insufficient memory for the Java Runtime Environment to continue.
# Native memory allocation (mmap) failed to map 276824064 bytes for Failed to commit area from 0x0000000094200000 to 0x00000000a4a00000 of length 276824064.
# Possible reasons:
#   The system is out of physical RAM or swap space
#   The process is running with CompressedOops enabled, and the Java Heap may be blocking the growth of the native heap
# Possible solutions:
#   Reduce memory load on the system
#   Increase physical memory or swap space
#   Check if swap backing store is full
#   Decrease Java heap size (-Xmx/-Xms)
#   Decrease number of Java threads
#   Decrease Java thread stack sizes (-Xss)
#   Set larger code cache with -XX:ReservedCodeCacheSize=
#   JVM is running with Unscaled Compressed Oops mode in which the Java heap is
#     placed in the first 4GB address space. The Java Heap base address is the
#     maximum limit for the native heap growth. Please use -XX:HeapBaseMinAddress
#     to set the Java Heap base and to place the Java Heap above 4GB virtual address.
# This output file may be truncated or incomplete.
#
#  Out of Memory Error (os_windows.cpp:3388), pid=43304, tid=66728
#
# JRE version: OpenJDK Runtime Environment Corretto-11.0.24.8.1 (11.0.24+8) (build 11.0.24+8-LTS)
# Java VM: OpenJDK 64-Bit Server VM Corretto-11.0.24.8.1 (11.0.24+8-LTS, mixed mode, tiered, compressed oops, g1 gc, windows-amd64)
# No core dump will be written. Minidumps are not enabled by default on client versions of Windows
#

---------------  S U M M A R Y ------------

Command Line: -javaagent:C:\Program Files\JetBrains\IntelliJ IDEA Community Edition 2024.3\lib\idea_rt.jar=58502:C:\Program Files\JetBrains\IntelliJ IDEA Community Edition 2024.3\bin -Dfile.encoding=UTF-8 MongoDBSparkApp

Host: 11th Gen Intel(R) Core(TM) i7-1165G7 @ 2.80GHz, 8 cores, 7G,  Windows 10 , 64 bit Build 19041 (10.0.19041.5072)
Time: Tue Nov 19 17:59:38 2024 Paris, Madrid elapsed time: 27.474556 seconds (0d 0h 0m 27s)

---------------  T H R E A D  ---------------

Current thread (0x0000015864489000):  VMThread "VM Thread" [stack: 0x0000004492000000,0x0000004492100000] [id=66728]

Stack: [0x0000004492000000,0x0000004492100000]
[error occurred during error reporting (printing stack bounds), id 0xc0000005, EXCEPTION_ACCESS_VIOLATION (0xc0000005) at pc=0x000001584dcd12e7]

Native frames: (J=compiled Java code, j=interpreted, Vv=VM code, C=native code)
V  [jvm.dll+0x6461fa]
V  [jvm.dll+0x7da769]
V  [jvm.dll+0x7dbe69]
V  [jvm.dll+0x7dc4b5]
V  [jvm.dll+0x7dc46b]
V  [jvm.dll+0x645505]
V  [jvm.dll+0x645c08]
C  [ntdll.dll+0xa28bf]
C  [ntdll.dll+0x52554]
C  [ntdll.dll+0xa13ce]
C  0x000001584dcd12e7

VM_Operation (0x0000004495cfc8e0): G1CollectForAllocation, mode: safepoint, requested by thread 0x0000015867616000


---------------  P R O C E S S  ---------------

Threads class SMR info:
_java_thread_list=0x000001586a119670, length=81, elements={
0x000001584554e800, 0x000001586448d800, 0x0000015864c99000, 0x0000015864ce5800,
0x0000015864ce8000, 0x0000015864ce9800, 0x0000015864cf1000, 0x0000015864cf2800,
0x0000015864cff000, 0x0000015864f83800, 0x0000015865909800, 0x0000015865d0e000,
0x0000015864f49800, 0x0000015866623800, 0x000001586581b800, 0x0000015864f24800,
0x0000015864f2d800, 0x0000015867828800, 0x00000158663b7800, 0x00000158668d9800,
0x00000158668da000, 0x00000158668d4800, 0x00000158668d6000, 0x00000158668d7000,
0x00000158668d7800, 0x00000158668d8800, 0x00000158668db000, 0x00000158668d5000,
0x00000158665ae000, 0x00000158665b0800, 0x00000158665b1800, 0x00000158665af000,
0x00000158665af800, 0x00000158665b2000, 0x00000158665ac800, 0x00000158665b3000,
0x00000158665ad800, 0x00000158665b6800, 0x00000158665b9800, 0x00000158665b7000,
0x00000158665b4000, 0x00000158665ba800, 0x00000158665b4800, 0x00000158665bb000,
0x00000158665b5800, 0x00000158665b8000, 0x00000158665b8800, 0x0000015867611000,
0x0000015867613000, 0x0000015867610800, 0x000001586760e000, 0x0000015867612000,
0x000001586760d000, 0x0000015867613800, 0x0000015867614800, 0x000001586760e800,
0x0000015867616000, 0x0000015867618800, 0x0000015867615800, 0x000001586761a000,
0x000001586761b000, 0x000001586761c000, 0x0000015867617000, 0x0000015867617800,
0x0000015867619800, 0x0000015869cd6000, 0x0000015869cd9000, 0x0000015869cda800,
0x0000015869cdb800, 0x0000015869cd8000, 0x0000015869cdc800, 0x0000015869cdd000,
0x0000015869cd7800, 0x0000015869cde000, 0x0000015869cde800, 0x0000015869cdf800,
0x0000015869cda000, 0x0000015869ce0800, 0x0000015869ce1000, 0x0000015869ce4800,
0x0000015869ce3000
}

Java Threads: ( => current thread )
  0x000001584554e800 JavaThread "main" [_thread_blocked, id=72336, stack(0x0000004491a00000,0x0000004491b00000)]
  0x000001586448d800 JavaThread "Reference Handler" daemon [_thread_blocked, id=69016, stack(0x0000004492100000,0x0000004492200000)]
  0x0000015864c99000 JavaThread "Finalizer" daemon [_thread_blocked, id=71632, stack(0x0000004492200000,0x0000004492300000)]
  0x0000015864ce5800 JavaThread "Signal Dispatcher" daemon [_thread_blocked, id=70556, stack(0x0000004492300000,0x0000004492400000)]
  0x0000015864ce8000 JavaThread "Attach Listener" daemon [_thread_blocked, id=48480, stack(0x0000004492400000,0x0000004492500000)]
  0x0000015864ce9800 JavaThread "Service Thread" daemon [_thread_blocked, id=65876, stack(0x0000004492500000,0x0000004492600000)]
  0x0000015864cf1000 JavaThread "C2 CompilerThread0" daemon [_thread_blocked, id=10880, stack(0x0000004492600000,0x0000004492700000)]
  0x0000015864cf2800 JavaThread "C1 CompilerThread0" daemon [_thread_blocked, id=73172, stack(0x0000004492700000,0x0000004492800000)]
  0x0000015864cff000 JavaThread "Sweeper thread" daemon [_thread_blocked, id=68580, stack(0x0000004492800000,0x0000004492900000)]
  0x0000015864f83800 JavaThread "Common-Cleaner" daemon [_thread_blocked, id=69148, stack(0x0000004492900000,0x0000004492a00000)]
  0x0000015865909800 JavaThread "Monitor Ctrl-Break" daemon [_thread_in_native, id=72484, stack(0x0000004492b00000,0x0000004492c00000)]
  0x0000015865d0e000 JavaThread "rpc-boss-3-1" daemon [_thread_in_native, id=38528, stack(0x0000004492f00000,0x0000004493000000)]
  0x0000015864f49800 JavaThread "dispatcher-event-loop-0" daemon [_thread_blocked, id=44036, stack(0x0000004493000000,0x0000004493100000)]
  0x0000015866623800 JavaThread "dispatcher-event-loop-1" daemon [_thread_blocked, id=46088, stack(0x0000004493100000,0x0000004493200000)]
  0x000001586581b800 JavaThread "dispatcher-event-loop-2" daemon [_thread_blocked, id=62840, stack(0x0000004493200000,0x0000004493300000)]
  0x0000015864f24800 JavaThread "dispatcher-event-loop-3" daemon [_thread_blocked, id=72472, stack(0x0000004493300000,0x0000004493400000)]
  0x0000015864f2d800 JavaThread "dispatcher-event-loop-4" daemon [_thread_blocked, id=59748, stack(0x0000004493400000,0x0000004493500000)]
  0x0000015867828800 JavaThread "dispatcher-event-loop-5" daemon [_thread_blocked, id=67128, stack(0x0000004493500000,0x0000004493600000)]
  0x00000158663b7800 JavaThread "dispatcher-event-loop-6" daemon [_thread_blocked, id=70948, stack(0x0000004493600000,0x0000004493700000)]
  0x00000158668d9800 JavaThread "dispatcher-event-loop-7" daemon [_thread_blocked, id=69824, stack(0x0000004493700000,0x0000004493800000)]
  0x00000158668da000 JavaThread "map-output-dispatcher-0" daemon [_thread_blocked, id=66176, stack(0x0000004493800000,0x0000004493900000)]
  0x00000158668d4800 JavaThread "map-output-dispatcher-1" daemon [_thread_blocked, id=68796, stack(0x0000004493900000,0x0000004493a00000)]
  0x00000158668d6000 JavaThread "map-output-dispatcher-2" daemon [_thread_blocked, id=11760, stack(0x0000004493a00000,0x0000004493b00000)]
  0x00000158668d7000 JavaThread "map-output-dispatcher-3" daemon [_thread_blocked, id=70424, stack(0x0000004493b00000,0x0000004493c00000)]
  0x00000158668d7800 JavaThread "map-output-dispatcher-4" daemon [_thread_blocked, id=60932, stack(0x0000004493c00000,0x0000004493d00000)]
  0x00000158668d8800 JavaThread "map-output-dispatcher-5" daemon [_thread_blocked, id=71660, stack(0x0000004493d00000,0x0000004493e00000)]
  0x00000158668db000 JavaThread "map-output-dispatcher-6" daemon [_thread_blocked, id=43932, stack(0x0000004493e00000,0x0000004493f00000)]
  0x00000158668d5000 JavaThread "map-output-dispatcher-7" daemon [_thread_blocked, id=70408, stack(0x0000004493f00000,0x0000004494000000)]
  0x00000158665ae000 JavaThread "dispatcher-BlockManagerMaster" daemon [_thread_blocked, id=71852, stack(0x0000004494000000,0x0000004494100000)]
  0x00000158665b0800 JavaThread "dispatcher-BlockManagerEndpoint1" daemon [_thread_blocked, id=32168, stack(0x0000004494100000,0x0000004494200000)]
  0x00000158665b1800 JavaThread "RemoteBlock-temp-file-clean-thread" daemon [_thread_blocked, id=67276, stack(0x0000004494200000,0x0000004494300000)]
  0x00000158665af000 JavaThread "SparkUI-37" daemon [_thread_in_native, id=66928, stack(0x0000004494400000,0x0000004494500000)]
  0x00000158665af800 JavaThread "SparkUI-38" daemon [_thread_in_native, id=72572, stack(0x0000004494500000,0x0000004494600000)]
  0x00000158665b2000 JavaThread "SparkUI-39" daemon [_thread_in_native, id=71708, stack(0x0000004494600000,0x0000004494700000)]
  0x00000158665ac800 JavaThread "SparkUI-40" daemon [_thread_in_native, id=74748, stack(0x0000004494700000,0x0000004494800000)]
  0x00000158665b3000 JavaThread "SparkUI-41-acceptor-0@3d19ab89-ServerConnector@33de525a{HTTP/1.1, (http/1.1)}{0.0.0.0:4040}" daemon [_thread_in_native, id=59708, stack(0x0000004494800000,0x0000004494900000)]
  0x00000158665ad800 JavaThread "SparkUI-42" daemon [_thread_blocked, id=50900, stack(0x0000004494900000,0x0000004494a00000)]
  0x00000158665b6800 JavaThread "SparkUI-43" daemon [_thread_blocked, id=67468, stack(0x0000004494a00000,0x0000004494b00000)]
  0x00000158665b9800 JavaThread "SparkUI-44" daemon [_thread_blocked, id=61244, stack(0x0000004494b00000,0x0000004494c00000)]
  0x00000158665b7000 JavaThread "dispatcher-HeartbeatReceiver" daemon [_thread_blocked, id=28948, stack(0x0000004494c00000,0x0000004494d00000)]
  0x00000158665b4000 JavaThread "heartbeat-receiver-event-loop-thread" daemon [_thread_blocked, id=2180, stack(0x0000004494d00000,0x0000004494e00000)]
  0x00000158665ba800 JavaThread "netty-rpc-env-timeout" daemon [_thread_blocked, id=60636, stack(0x0000004494e00000,0x0000004494f00000)]
  0x00000158665b4800 JavaThread "task-starvation-timer" daemon [_thread_blocked, id=39772, stack(0x0000004494f00000,0x0000004495000000)]
  0x00000158665bb000 JavaThread "task-abort-timer" daemon [_thread_blocked, id=47328, stack(0x0000004495000000,0x0000004495100000)]
  0x00000158665b5800 JavaThread "dag-scheduler-event-loop" daemon [_thread_blocked, id=73272, stack(0x0000004495100000,0x0000004495200000)]
  0x00000158665b8000 JavaThread "driver-heartbeater" daemon [_thread_blocked, id=69888, stack(0x0000004495200000,0x0000004495300000)]
  0x00000158665b8800 JavaThread "executor-kill-mark-cleanup" daemon [_thread_blocked, id=69244, stack(0x0000004495300000,0x0000004495400000)]
  0x0000015867611000 JavaThread "executor-heartbeater" daemon [_thread_blocked, id=72460, stack(0x0000004495400000,0x0000004495500000)]
  0x0000015867613000 JavaThread "shuffle-boss-6-1" daemon [_thread_in_native, id=39480, stack(0x0000004495500000,0x0000004495600000)]
  0x0000015867610800 JavaThread "Spark Context Cleaner" daemon [_thread_blocked, id=67852, stack(0x0000004494300000,0x0000004494400000)]
  0x000001586760e000 JavaThread "context-cleaner-periodic-gc" daemon [_thread_blocked, id=23144, stack(0x0000004495600000,0x0000004495700000)]
  0x0000015867612000 JavaThread "spark-listener-group-appStatus" daemon [_thread_blocked, id=68284, stack(0x0000004495700000,0x0000004495800000)]
  0x000001586760d000 JavaThread "spark-listener-group-executorManagement" daemon [_thread_blocked, id=15296, stack(0x0000004495800000,0x0000004495900000)]
  0x0000015867613800 JavaThread "element-tracking-store-worker" daemon [_thread_blocked, id=67448, stack(0x0000004495900000,0x0000004495a00000)]
  0x0000015867614800 JavaThread "spark-listener-group-shared" daemon [_thread_blocked, id=66636, stack(0x0000004495a00000,0x0000004495b00000)]
  0x000001586760e800 JavaThread "org.apache.hadoop.fs.FileSystem$Statistics$StatisticsDataReferenceCleaner" daemon [_thread_blocked, id=67152, stack(0x0000004495b00000,0x0000004495c00000)]
  0x0000015867616000 JavaThread "Executor task launch worker for task 0.0 in stage 1.0 (TID 1)" daemon [_thread_blocked, id=67636, stack(0x0000004495c00000,0x0000004495d00000)]
  0x0000015867618800 JavaThread "task-result-getter-0" daemon [_thread_blocked, id=68888, stack(0x0000004495d00000,0x0000004495e00000)]
  0x0000015867615800 JavaThread "block-manager-storage-async-thread-pool-0" daemon [_thread_blocked, id=68792, stack(0x0000004495e00000,0x0000004495f00000)]
  0x000001586761a000 JavaThread "block-manager-storage-async-thread-pool-1" daemon [_thread_blocked, id=74740, stack(0x0000004495f00000,0x0000004496000000)]
  0x000001586761b000 JavaThread "block-manager-storage-async-thread-pool-2" daemon [_thread_blocked, id=66396, stack(0x0000004496000000,0x0000004496100000)]
  0x000001586761c000 JavaThread "block-manager-ask-thread-pool-0" daemon [_thread_blocked, id=66280, stack(0x0000004496100000,0x0000004496200000)]
  0x0000015867617000 JavaThread "block-manager-ask-thread-pool-1" daemon [_thread_blocked, id=72668, stack(0x0000004496200000,0x0000004496300000)]
  0x0000015867617800 JavaThread "block-manager-storage-async-thread-pool-3" daemon [_thread_blocked, id=64904, stack(0x0000004496300000,0x0000004496400000)]
  0x0000015867619800 JavaThread "block-manager-storage-async-thread-pool-4" daemon [_thread_blocked, id=68172, stack(0x0000004496400000,0x0000004496500000)]
  0x0000015869cd6000 JavaThread "block-manager-storage-async-thread-pool-5" daemon [_thread_blocked, id=64008, stack(0x0000004496500000,0x0000004496600000)]
  0x0000015869cd9000 JavaThread "block-manager-ask-thread-pool-2" daemon [_thread_blocked, id=59124, stack(0x0000004496600000,0x0000004496700000)]
  0x0000015869cda800 JavaThread "block-manager-ask-thread-pool-3" daemon [_thread_blocked, id=49076, stack(0x0000004496700000,0x0000004496800000)]
  0x0000015869cdb800 JavaThread "Thread-14" daemon [_thread_in_native, id=74300, stack(0x0000004496800000,0x0000004496900000)]
  0x0000015869cd8000 JavaThread "pool-26-thread-1" [_thread_blocked, id=42288, stack(0x0000004496900000,0x0000004496a00000)]
  0x0000015869cdc800 JavaThread "BufferPoolPruner-1-thread-1" daemon [_thread_blocked, id=71780, stack(0x0000004496a00000,0x0000004496b00000)]
  0x0000015869cdd000 JavaThread "cluster-ClusterId{value='673cc3f608046b661bbacdc5', description='null'}-srv-cluster0.6noly.mongodb.net" daemon [_thread_blocked, id=64092, stack(0x0000004496b00000,0x0000004496c00000)]
  0x0000015869cd7800 JavaThread "cluster-ClusterId{value='673cc3f608046b661bbacdc5', description='null'}-cluster0-shard-00-00.6noly.mongodb.net:27017" daemon [_thread_in_native, id=71532, stack(0x0000004496d00000,0x0000004496e00000)]
  0x0000015869cde000 JavaThread "cluster-rtt-ClusterId{value='673cc3f608046b661bbacdc5', description='null'}-cluster0-shard-00-00.6noly.mongodb.net:27017" daemon [_thread_blocked, id=11520, stack(0x0000004496e00000,0x0000004496f00000)]
  0x0000015869cde800 JavaThread "cluster-ClusterId{value='673cc3f608046b661bbacdc5', description='null'}-cluster0-shard-00-02.6noly.mongodb.net:27017" daemon [_thread_in_native, id=11400, stack(0x0000004496f00000,0x0000004497000000)]
  0x0000015869cdf800 JavaThread "cluster-rtt-ClusterId{value='673cc3f608046b661bbacdc5', description='null'}-cluster0-shard-00-02.6noly.mongodb.net:27017" daemon [_thread_blocked, id=66480, stack(0x0000004497000000,0x0000004497100000)]
  0x0000015869cda000 JavaThread "cluster-ClusterId{value='673cc3f608046b661bbacdc5', description='null'}-cluster0-shard-00-01.6noly.mongodb.net:27017" daemon [_thread_in_native, id=64588, stack(0x0000004497100000,0x0000004497200000)]
  0x0000015869ce0800 JavaThread "cluster-rtt-ClusterId{value='673cc3f608046b661bbacdc5', description='null'}-cluster0-shard-00-01.6noly.mongodb.net:27017" daemon [_thread_blocked, id=63492, stack(0x0000004497200000,0x0000004497300000)]
  0x0000015869ce1000 JavaThread "MaintenanceTimer-3-thread-1" daemon [_thread_blocked, id=66880, stack(0x0000004497400000,0x0000004497500000)]
  0x0000015869ce4800 JavaThread "MaintenanceTimer-2-thread-1" daemon [_thread_blocked, id=12012, stack(0x0000004497500000,0x0000004497600000)]
  0x0000015869ce3000 JavaThread "MaintenanceTimer-4-thread-1" daemon [_thread_blocked, id=70528, stack(0x0000004497600000,0x0000004497700000)]

Other Threads:
=>0x0000015864489000 VMThread "VM Thread" [stack: 0x0000004492000000,0x0000004492100000] [id=66728]
  0x00000158658ff800 WatcherThread [stack: 0x0000004492c00000,0x0000004492d00000] [id=37008]
  0x0000015845567800 GCTaskThread "GC Thread#0" [stack: 0x0000004491b00000,0x0000004491c00000] [id=71224]
  0x0000015866ed1000 GCTaskThread "GC Thread#1" [stack: 0x0000004492d00000,0x0000004492e00000] [id=61088]
  0x0000015866ed1800 GCTaskThread "GC Thread#2" [stack: 0x0000004492e00000,0x0000004492f00000] [id=70168]
  0x000001586ff4e000 GCTaskThread "GC Thread#3" [stack: 0x0000004496c00000,0x0000004496d00000] [id=64696]
  0x000001586a2ed800 GCTaskThread "GC Thread#4" [stack: 0x0000004497700000,0x0000004497800000] [id=66864]
  0x000001586a2eb800 GCTaskThread "GC Thread#5" [stack: 0x0000004497900000,0x0000004497a00000] [id=73376]
  0x000001584559a000 ConcurrentGCThread "G1 Main Marker" [stack: 0x0000004491c00000,0x0000004491d00000] [id=63716]
  0x000001584559c800 ConcurrentGCThread "G1 Conc#0" [stack: 0x0000004491d00000,0x0000004491e00000] [id=42192]
  0x0000015867051000 ConcurrentGCThread "G1 Conc#1" [stack: 0x0000004492a00000,0x0000004492b00000] [id=72944]
  0x00000158455fe000 ConcurrentGCThread "G1 Refine#0" [stack: 0x0000004491e00000,0x0000004491f00000] [id=50856]
  0x000001586b3f7800 ConcurrentGCThread "G1 Refine#1" [stack: 0x0000004497800000,0x0000004497900000] [id=58980]
  0x00000158642ce800 ConcurrentGCThread "G1 Young RemSet Sampling" [stack: 0x0000004491f00000,0x0000004492000000] [id=28508]

Threads with active compile tasks:

VM state:at safepoint (normal execution)

VM Mutex/Monitor currently owned by a thread:  ([mutex/lock_event])
[0x000001584554c400] Threads_lock - owner thread: 0x0000015864489000
[0x000001584554ae10] Heap_lock - owner thread: 0x0000015867616000

Heap address: 0x0000000083a00000, size: 1990 MB, Compressed Oops mode: 32-bit
Narrow klass base: 0x0000000000000000, Narrow klass shift: 3
Compressed class space size: 1073741824 Address: 0x0000000100000000

Heap:
 garbage-first heap   total 540672K, used 205037K [0x0000000083a00000, 0x0000000100000000)
  region size 1024K, 4 young (4096K), 4 survivors (4096K)
 Metaspace       used 123556K, capacity 128979K, committed 129308K, reserved 1159168K
  class space    used 17166K, capacity 19923K, committed 20096K, reserved 1048576K
Heap Regions: E=young(eden), S=young(survivor), O=old, HS=humongous(starts), HC=humongous(continues), CS=collection set, F=free, A=archive, TAMS=top-at-mark-start (previous, next)
|   0|0x0000000083a00000, 0x0000000083b00000, 0x0000000083b00000|100%|HS|  |TAMS 0x0000000083b00000, 0x0000000083b00000| Complete 
|   1|0x0000000083b00000, 0x0000000083c00000, 0x0000000083c00000|100%|HS|  |TAMS 0x0000000083c00000, 0x0000000083c00000| Complete 
|   2|0x0000000083c00000, 0x0000000083d00000, 0x0000000083d00000|100%|HC|  |TAMS 0x0000000083d00000, 0x0000000083d00000| Complete 
|   3|0x0000000083d00000, 0x0000000083e00000, 0x0000000083e00000|100%|HS|  |TAMS 0x0000000083e00000, 0x0000000083e00000| Complete 
|   4|0x0000000083e00000, 0x0000000083f00000, 0x0000000083f00000|100%|HC|  |TAMS 0x0000000083f00000, 0x0000000083f00000| Complete 
|   5|0x0000000083f00000, 0x0000000084000000, 0x0000000084000000|100%|HC|  |TAMS 0x0000000084000000, 0x0000000084000000| Complete 
|   6|0x0000000084000000, 0x0000000084100000, 0x0000000084100000|100%|HS|  |TAMS 0x0000000084100000, 0x0000000084100000| Complete 
|   7|0x0000000084100000, 0x0000000084200000, 0x0000000084200000|100%| O|  |TAMS 0x0000000084200000, 0x0000000084200000| Untracked 
|   8|0x0000000084200000, 0x0000000084300000, 0x0000000084300000|100%| O|  |TAMS 0x0000000084300000, 0x0000000084300000| Untracked 
|   9|0x0000000084300000, 0x0000000084400000, 0x0000000084400000|100%| O|  |TAMS 0x0000000084400000, 0x0000000084400000| Untracked 
|  10|0x0000000084400000, 0x0000000084500000, 0x0000000084500000|100%| O|  |TAMS 0x0000000084500000, 0x0000000084500000| Untracked 
|  11|0x0000000084500000, 0x0000000084600000, 0x0000000084600000|100%| O|  |TAMS 0x0000000084600000, 0x0000000084600000| Untracked 
|  12|0x0000000084600000, 0x0000000084700000, 0x0000000084700000|100%| O|  |TAMS 0x0000000084700000, 0x0000000084700000| Untracked 
|  13|0x0000000084700000, 0x0000000084800000, 0x0000000084800000|100%| O|  |TAMS 0x0000000084800000, 0x0000000084800000| Untracked 
|  14|0x0000000084800000, 0x0000000084900000, 0x0000000084900000|100%| O|  |TAMS 0x0000000084900000, 0x0000000084900000| Untracked 
|  15|0x0000000084900000, 0x0000000084a00000, 0x0000000084a00000|100%| O|  |TAMS 0x0000000084a00000, 0x0000000084a00000| Untracked 
|  16|0x0000000084a00000, 0x0000000084b00000, 0x0000000084b00000|100%| O|  |TAMS 0x0000000084b00000, 0x0000000084b00000| Untracked 
|  17|0x0000000084b00000, 0x0000000084c00000, 0x0000000084c00000|100%| O|  |TAMS 0x0000000084c00000, 0x0000000084c00000| Untracked 
|  18|0x0000000084c00000, 0x0000000084d00000, 0x0000000084d00000|100%| O|  |TAMS 0x0000000084d00000, 0x0000000084d00000| Untracked 
|  19|0x0000000084d00000, 0x0000000084e00000, 0x0000000084e00000|100%| O|  |TAMS 0x0000000084e00000, 0x0000000084e00000| Untracked 
|  20|0x0000000084e00000, 0x0000000084f00000, 0x0000000084f00000|100%| O|  |TAMS 0x0000000084f00000, 0x0000000084f00000| Untracked 
|  21|0x0000000084f00000, 0x0000000085000000, 0x0000000085000000|100%| O|  |TAMS 0x0000000085000000, 0x0000000085000000| Untracked 
|  22|0x0000000085000000, 0x0000000085100000, 0x0000000085100000|100%| O|  |TAMS 0x0000000085100000, 0x0000000085100000| Untracked 
|  23|0x0000000085100000, 0x0000000085200000, 0x0000000085200000|100%| O|  |TAMS 0x0000000085200000, 0x0000000085200000| Untracked 
|  24|0x0000000085200000, 0x0000000085300000, 0x0000000085300000|100%| O|  |TAMS 0x0000000085300000, 0x0000000085300000| Untracked 
|  25|0x0000000085300000, 0x0000000085400000, 0x0000000085400000|100%| O|  |TAMS 0x0000000085400000, 0x0000000085400000| Untracked 
|  26|0x0000000085400000, 0x0000000085500000, 0x0000000085500000|100%| O|  |TAMS 0x0000000085500000, 0x0000000085500000| Untracked 
|  27|0x0000000085500000, 0x0000000085600000, 0x0000000085600000|100%| O|  |TAMS 0x0000000085600000, 0x0000000085600000| Untracked 
|  28|0x0000000085600000, 0x0000000085700000, 0x0000000085700000|100%| O|  |TAMS 0x0000000085700000, 0x0000000085700000| Untracked 
|  29|0x0000000085700000, 0x0000000085800000, 0x0000000085800000|100%| O|  |TAMS 0x0000000085800000, 0x0000000085800000| Untracked 
|  30|0x0000000085800000, 0x0000000085900000, 0x0000000085900000|100%| O|  |TAMS 0x0000000085900000, 0x0000000085900000| Untracked 
|  31|0x0000000085900000, 0x0000000085a00000, 0x0000000085a00000|100%| O|  |TAMS 0x0000000085a00000, 0x0000000085a00000| Untracked 
|  32|0x0000000085a00000, 0x0000000085b00000, 0x0000000085b00000|100%| O|  |TAMS 0x0000000085b00000, 0x0000000085b00000| Untracked 
|  33|0x0000000085b00000, 0x0000000085c00000, 0x0000000085c00000|100%| O|  |TAMS 0x0000000085c00000, 0x0000000085c00000| Untracked 
|  34|0x0000000085c00000, 0x0000000085d00000, 0x0000000085d00000|100%| O|  |TAMS 0x0000000085d00000, 0x0000000085d00000| Untracked 
|  35|0x0000000085d00000, 0x0000000085e00000, 0x0000000085e00000|100%| O|  |TAMS 0x0000000085e00000, 0x0000000085e00000| Untracked 
|  36|0x0000000085e00000, 0x0000000085f00000, 0x0000000085f00000|100%| O|  |TAMS 0x0000000085f00000, 0x0000000085f00000| Untracked 
|  37|0x0000000085f00000, 0x0000000086000000, 0x0000000086000000|100%| O|  |TAMS 0x0000000086000000, 0x0000000086000000| Untracked 
|  38|0x0000000086000000, 0x0000000086100000, 0x0000000086100000|100%| O|  |TAMS 0x0000000086100000, 0x0000000086100000| Untracked 
|  39|0x0000000086100000, 0x0000000086200000, 0x0000000086200000|100%| O|  |TAMS 0x0000000086200000, 0x0000000086200000| Untracked 
|  40|0x0000000086200000, 0x0000000086300000, 0x0000000086300000|100%| O|  |TAMS 0x0000000086300000, 0x0000000086300000| Untracked 
|  41|0x0000000086300000, 0x0000000086400000, 0x0000000086400000|100%| O|  |TAMS 0x0000000086400000, 0x0000000086400000| Untracked 
|  42|0x0000000086400000, 0x0000000086500000, 0x0000000086500000|100%| O|  |TAMS 0x0000000086500000, 0x0000000086500000| Untracked 
|  43|0x0000000086500000, 0x0000000086600000, 0x0000000086600000|100%| O|  |TAMS 0x0000000086600000, 0x0000000086600000| Untracked 
|  44|0x0000000086600000, 0x0000000086700000, 0x0000000086700000|100%| O|  |TAMS 0x0000000086700000, 0x0000000086700000| Untracked 
|  45|0x0000000086700000, 0x0000000086800000, 0x0000000086800000|100%| O|  |TAMS 0x0000000086800000, 0x0000000086800000| Untracked 
|  46|0x0000000086800000, 0x0000000086900000, 0x0000000086900000|100%| O|  |TAMS 0x0000000086900000, 0x0000000086900000| Untracked 
|  47|0x0000000086900000, 0x0000000086a00000, 0x0000000086a00000|100%| O|  |TAMS 0x0000000086a00000, 0x0000000086a00000| Untracked 
|  48|0x0000000086a00000, 0x0000000086b00000, 0x0000000086b00000|100%| O|  |TAMS 0x0000000086b00000, 0x0000000086b00000| Untracked 
|  49|0x0000000086b00000, 0x0000000086c00000, 0x0000000086c00000|100%| O|  |TAMS 0x0000000086c00000, 0x0000000086c00000| Untracked 
|  50|0x0000000086c00000, 0x0000000086d00000, 0x0000000086d00000|100%| O|  |TAMS 0x0000000086d00000, 0x0000000086d00000| Untracked 
|  51|0x0000000086d00000, 0x0000000086e00000, 0x0000000086e00000|100%| O|  |TAMS 0x0000000086e00000, 0x0000000086e00000| Untracked 
|  52|0x0000000086e00000, 0x0000000086f00000, 0x0000000086f00000|100%| O|  |TAMS 0x0000000086f00000, 0x0000000086f00000| Untracked 
|  53|0x0000000086f00000, 0x0000000087000000, 0x0000000087000000|100%| O|  |TAMS 0x0000000087000000, 0x0000000087000000| Untracked 
|  54|0x0000000087000000, 0x0000000087100000, 0x0000000087100000|100%| O|  |TAMS 0x0000000087100000, 0x0000000087100000| Untracked 
|  55|0x0000000087100000, 0x0000000087200000, 0x0000000087200000|100%| O|  |TAMS 0x0000000087200000, 0x0000000087200000| Untracked 
|  56|0x0000000087200000, 0x0000000087300000, 0x0000000087300000|100%| O|  |TAMS 0x0000000087300000, 0x0000000087300000| Untracked 
|  57|0x0000000087300000, 0x0000000087400000, 0x0000000087400000|100%| O|  |TAMS 0x0000000087400000, 0x0000000087400000| Untracked 
|  58|0x0000000087400000, 0x0000000087500000, 0x0000000087500000|100%| O|  |TAMS 0x0000000087500000, 0x0000000087500000| Untracked 
|  59|0x0000000087500000, 0x0000000087600000, 0x0000000087600000|100%| O|  |TAMS 0x0000000087600000, 0x0000000087600000| Untracked 
|  60|0x0000000087600000, 0x0000000087700000, 0x0000000087700000|100%| O|  |TAMS 0x0000000087700000, 0x0000000087700000| Untracked 
|  61|0x0000000087700000, 0x0000000087800000, 0x0000000087800000|100%| O|  |TAMS 0x0000000087800000, 0x0000000087800000| Untracked 
|  62|0x0000000087800000, 0x0000000087900000, 0x0000000087900000|100%| O|  |TAMS 0x0000000087900000, 0x0000000087900000| Untracked 
|  63|0x0000000087900000, 0x0000000087a00000, 0x0000000087a00000|100%| O|  |TAMS 0x0000000087a00000, 0x0000000087a00000| Untracked 
|  64|0x0000000087a00000, 0x0000000087b00000, 0x0000000087b00000|100%| O|  |TAMS 0x0000000087b00000, 0x0000000087b00000| Untracked 
|  65|0x0000000087b00000, 0x0000000087c00000, 0x0000000087c00000|100%| O|  |TAMS 0x0000000087c00000, 0x0000000087c00000| Untracked 
|  66|0x0000000087c00000, 0x0000000087d00000, 0x0000000087d00000|100%| O|  |TAMS 0x0000000087d00000, 0x0000000087d00000| Untracked 
|  67|0x0000000087d00000, 0x0000000087e00000, 0x0000000087e00000|100%| O|  |TAMS 0x0000000087e00000, 0x0000000087e00000| Untracked 
|  68|0x0000000087e00000, 0x0000000087f00000, 0x0000000087f00000|100%| O|  |TAMS 0x0000000087f00000, 0x0000000087f00000| Untracked 
|  69|0x0000000087f00000, 0x0000000088000000, 0x0000000088000000|100%| O|  |TAMS 0x0000000088000000, 0x0000000088000000| Untracked 
|  70|0x0000000088000000, 0x0000000088100000, 0x0000000088100000|100%| O|  |TAMS 0x0000000088100000, 0x0000000088100000| Untracked 
|  71|0x0000000088100000, 0x0000000088200000, 0x0000000088200000|100%| O|  |TAMS 0x0000000088200000, 0x0000000088200000| Untracked 
|  72|0x0000000088200000, 0x0000000088300000, 0x0000000088300000|100%| O|  |TAMS 0x0000000088300000, 0x0000000088300000| Untracked 
|  73|0x0000000088300000, 0x0000000088400000, 0x0000000088400000|100%| O|  |TAMS 0x0000000088400000, 0x0000000088400000| Untracked 
|  74|0x0000000088400000, 0x0000000088500000, 0x0000000088500000|100%| O|  |TAMS 0x0000000088500000, 0x0000000088500000| Untracked 
|  75|0x0000000088500000, 0x0000000088600000, 0x0000000088600000|100%| O|  |TAMS 0x0000000088600000, 0x0000000088600000| Untracked 
|  76|0x0000000088600000, 0x0000000088700000, 0x0000000088700000|100%| O|  |TAMS 0x0000000088700000, 0x0000000088700000| Untracked 
|  77|0x0000000088700000, 0x0000000088800000, 0x0000000088800000|100%| O|  |TAMS 0x0000000088800000, 0x0000000088800000| Untracked 
|  78|0x0000000088800000, 0x0000000088900000, 0x0000000088900000|100%| O|  |TAMS 0x0000000088900000, 0x0000000088900000| Untracked 
|  79|0x0000000088900000, 0x0000000088a00000, 0x0000000088a00000|100%| O|  |TAMS 0x0000000088a00000, 0x0000000088a00000| Untracked 
|  80|0x0000000088a00000, 0x0000000088b00000, 0x0000000088b00000|100%| O|  |TAMS 0x0000000088b00000, 0x0000000088b00000| Untracked 
|  81|0x0000000088b00000, 0x0000000088c00000, 0x0000000088c00000|100%| O|  |TAMS 0x0000000088c00000, 0x0000000088c00000| Untracked 
|  82|0x0000000088c00000, 0x0000000088d00000, 0x0000000088d00000|100%| O|  |TAMS 0x0000000088d00000, 0x0000000088d00000| Untracked 
|  83|0x0000000088d00000, 0x0000000088e00000, 0x0000000088e00000|100%| O|  |TAMS 0x0000000088e00000, 0x0000000088e00000| Untracked 
|  84|0x0000000088e00000, 0x0000000088f00000, 0x0000000088f00000|100%| O|  |TAMS 0x0000000088f00000, 0x0000000088f00000| Untracked 
|  85|0x0000000088f00000, 0x0000000089000000, 0x0000000089000000|100%| O|  |TAMS 0x0000000089000000, 0x0000000089000000| Untracked 
|  86|0x0000000089000000, 0x0000000089100000, 0x0000000089100000|100%| O|  |TAMS 0x0000000089100000, 0x0000000089100000| Untracked 
|  87|0x0000000089100000, 0x0000000089200000, 0x0000000089200000|100%| O|  |TAMS 0x0000000089200000, 0x0000000089200000| Untracked 
|  88|0x0000000089200000, 0x0000000089300000, 0x0000000089300000|100%| O|  |TAMS 0x0000000089300000, 0x0000000089300000| Untracked 
|  89|0x0000000089300000, 0x0000000089400000, 0x0000000089400000|100%| O|  |TAMS 0x0000000089400000, 0x0000000089400000| Untracked 
|  90|0x0000000089400000, 0x0000000089500000, 0x0000000089500000|100%| O|  |TAMS 0x0000000089500000, 0x0000000089500000| Untracked 
|  91|0x0000000089500000, 0x0000000089600000, 0x0000000089600000|100%| O|  |TAMS 0x0000000089600000, 0x0000000089600000| Untracked 
|  92|0x0000000089600000, 0x0000000089700000, 0x0000000089700000|100%| O|  |TAMS 0x0000000089700000, 0x0000000089700000| Untracked 
|  93|0x0000000089700000, 0x0000000089800000, 0x0000000089800000|100%| O|  |TAMS 0x0000000089800000, 0x0000000089800000| Untracked 
|  94|0x0000000089800000, 0x0000000089900000, 0x0000000089900000|100%| O|  |TAMS 0x0000000089900000, 0x0000000089900000| Untracked 
|  95|0x0000000089900000, 0x0000000089a00000, 0x0000000089a00000|100%| O|  |TAMS 0x0000000089a00000, 0x0000000089a00000| Untracked 
|  96|0x0000000089a00000, 0x0000000089b00000, 0x0000000089b00000|100%| O|  |TAMS 0x0000000089b00000, 0x0000000089b00000| Untracked 
|  97|0x0000000089b00000, 0x0000000089c00000, 0x0000000089c00000|100%| O|  |TAMS 0x0000000089c00000, 0x0000000089c00000| Untracked 
|  98|0x0000000089c00000, 0x0000000089d00000, 0x0000000089d00000|100%| O|  |TAMS 0x0000000089d00000, 0x0000000089d00000| Untracked 
|  99|0x0000000089d00000, 0x0000000089e00000, 0x0000000089e00000|100%| O|  |TAMS 0x0000000089e00000, 0x0000000089e00000| Untracked 
| 100|0x0000000089e00000, 0x0000000089f00000, 0x0000000089f00000|100%| O|  |TAMS 0x0000000089f00000, 0x0000000089f00000| Untracked 
| 101|0x0000000089f00000, 0x000000008a000000, 0x000000008a000000|100%| O|  |TAMS 0x000000008a000000, 0x000000008a000000| Untracked 
| 102|0x000000008a000000, 0x000000008a100000, 0x000000008a100000|100%| O|  |TAMS 0x000000008a100000, 0x000000008a100000| Untracked 
| 103|0x000000008a100000, 0x000000008a200000, 0x000000008a200000|100%| O|  |TAMS 0x000000008a200000, 0x000000008a200000| Untracked 
| 104|0x000000008a200000, 0x000000008a300000, 0x000000008a300000|100%| O|  |TAMS 0x000000008a300000, 0x000000008a300000| Untracked 
| 105|0x000000008a300000, 0x000000008a400000, 0x000000008a400000|100%| O|  |TAMS 0x000000008a400000, 0x000000008a400000| Untracked 
| 106|0x000000008a400000, 0x000000008a500000, 0x000000008a500000|100%| O|  |TAMS 0x000000008a500000, 0x000000008a500000| Untracked 
| 107|0x000000008a500000, 0x000000008a600000, 0x000000008a600000|100%| O|  |TAMS 0x000000008a600000, 0x000000008a600000| Untracked 
| 108|0x000000008a600000, 0x000000008a700000, 0x000000008a700000|100%| O|  |TAMS 0x000000008a700000, 0x000000008a700000| Untracked 
| 109|0x000000008a700000, 0x000000008a800000, 0x000000008a800000|100%| O|  |TAMS 0x000000008a800000, 0x000000008a800000| Untracked 
| 110|0x000000008a800000, 0x000000008a900000, 0x000000008a900000|100%| O|  |TAMS 0x000000008a900000, 0x000000008a900000| Untracked 
| 111|0x000000008a900000, 0x000000008aa00000, 0x000000008aa00000|100%| O|  |TAMS 0x000000008aa00000, 0x000000008aa00000| Untracked 
| 112|0x000000008aa00000, 0x000000008ab00000, 0x000000008ab00000|100%| O|  |TAMS 0x000000008ab00000, 0x000000008ab00000| Untracked 
| 113|0x000000008ab00000, 0x000000008ac00000, 0x000000008ac00000|100%| O|  |TAMS 0x000000008ac00000, 0x000000008ac00000| Untracked 
| 114|0x000000008ac00000, 0x000000008ad00000, 0x000000008ad00000|100%| O|  |TAMS 0x000000008ad00000, 0x000000008ad00000| Untracked 
| 115|0x000000008ad00000, 0x000000008ae00000, 0x000000008ae00000|100%| O|  |TAMS 0x000000008ae00000, 0x000000008ae00000| Untracked 
| 116|0x000000008ae00000, 0x000000008af00000, 0x000000008af00000|100%| O|  |TAMS 0x000000008af00000, 0x000000008af00000| Untracked 
| 117|0x000000008af00000, 0x000000008b000000, 0x000000008b000000|100%| O|  |TAMS 0x000000008b000000, 0x000000008b000000| Untracked 
| 118|0x000000008b000000, 0x000000008b100000, 0x000000008b100000|100%| O|  |TAMS 0x000000008b100000, 0x000000008b100000| Untracked 
| 119|0x000000008b100000, 0x000000008b200000, 0x000000008b200000|100%| O|  |TAMS 0x000000008b200000, 0x000000008b200000| Untracked 
| 120|0x000000008b200000, 0x000000008b300000, 0x000000008b300000|100%| O|  |TAMS 0x000000008b300000, 0x000000008b300000| Untracked 
| 121|0x000000008b300000, 0x000000008b400000, 0x000000008b400000|100%| O|  |TAMS 0x000000008b400000, 0x000000008b400000| Untracked 
| 122|0x000000008b400000, 0x000000008b500000, 0x000000008b500000|100%| O|  |TAMS 0x000000008b500000, 0x000000008b500000| Untracked 
| 123|0x000000008b500000, 0x000000008b600000, 0x000000008b600000|100%| O|  |TAMS 0x000000008b5ebc00, 0x000000008b600000| Untracked 
| 124|0x000000008b600000, 0x000000008b700000, 0x000000008b700000|100%| O|  |TAMS 0x000000008b600000, 0x000000008b700000| Untracked 
| 125|0x000000008b700000, 0x000000008b800000, 0x000000008b800000|100%| O|  |TAMS 0x000000008b700000, 0x000000008b800000| Untracked 
| 126|0x000000008b800000, 0x000000008b900000, 0x000000008b900000|100%| O|  |TAMS 0x000000008b800000, 0x000000008b900000| Untracked 
| 127|0x000000008b900000, 0x000000008ba00000, 0x000000008ba00000|100%| O|  |TAMS 0x000000008b900000, 0x000000008ba00000| Untracked 
| 128|0x000000008ba00000, 0x000000008bb00000, 0x000000008bb00000|100%| O|  |TAMS 0x000000008ba00000, 0x000000008bb00000| Untracked 
| 129|0x000000008bb00000, 0x000000008bc00000, 0x000000008bc00000|100%| O|  |TAMS 0x000000008bb00000, 0x000000008bc00000| Untracked 
| 130|0x000000008bc00000, 0x000000008bd00000, 0x000000008bd00000|100%| O|  |TAMS 0x000000008bc00000, 0x000000008bd00000| Untracked 
| 131|0x000000008bd00000, 0x000000008be00000, 0x000000008be00000|100%| O|  |TAMS 0x000000008bd00000, 0x000000008be00000| Untracked 
| 132|0x000000008be00000, 0x000000008bf00000, 0x000000008bf00000|100%| O|  |TAMS 0x000000008be00000, 0x000000008bf00000| Untracked 
| 133|0x000000008bf00000, 0x000000008c000000, 0x000000008c000000|100%| O|  |TAMS 0x000000008bf00000, 0x000000008c000000| Untracked 
| 134|0x000000008c000000, 0x000000008c100000, 0x000000008c100000|100%| O|  |TAMS 0x000000008c000000, 0x000000008c100000| Untracked 
| 135|0x000000008c100000, 0x000000008c200000, 0x000000008c200000|100%| O|  |TAMS 0x000000008c100000, 0x000000008c200000| Untracked 
| 136|0x000000008c200000, 0x000000008c300000, 0x000000008c300000|100%| O|  |TAMS 0x000000008c200000, 0x000000008c300000| Untracked 
| 137|0x000000008c300000, 0x000000008c400000, 0x000000008c400000|100%| O|  |TAMS 0x000000008c300000, 0x000000008c400000| Untracked 
| 138|0x000000008c400000, 0x000000008c500000, 0x000000008c500000|100%| O|  |TAMS 0x000000008c400000, 0x000000008c500000| Untracked 
| 139|0x000000008c500000, 0x000000008c600000, 0x000000008c600000|100%| O|  |TAMS 0x000000008c500000, 0x000000008c600000| Untracked 
| 140|0x000000008c600000, 0x000000008c700000, 0x000000008c700000|100%| O|  |TAMS 0x000000008c600000, 0x000000008c700000| Untracked 
| 141|0x000000008c700000, 0x000000008c800000, 0x000000008c800000|100%| O|  |TAMS 0x000000008c700000, 0x000000008c800000| Untracked 
| 142|0x000000008c800000, 0x000000008c900000, 0x000000008c900000|100%| O|  |TAMS 0x000000008c800000, 0x000000008c900000| Untracked 
| 143|0x000000008c900000, 0x000000008ca00000, 0x000000008ca00000|100%| O|  |TAMS 0x000000008c900000, 0x000000008ca00000| Untracked 
| 144|0x000000008ca00000, 0x000000008cb00000, 0x000000008cb00000|100%| O|  |TAMS 0x000000008ca00000, 0x000000008cb00000| Untracked 
| 145|0x000000008cb00000, 0x000000008cc00000, 0x000000008cc00000|100%| O|  |TAMS 0x000000008cb00000, 0x000000008cc00000| Untracked 
| 146|0x000000008cc00000, 0x000000008cd00000, 0x000000008cd00000|100%| O|  |TAMS 0x000000008cc00000, 0x000000008cd00000| Untracked 
| 147|0x000000008cd00000, 0x000000008ce00000, 0x000000008ce00000|100%| O|  |TAMS 0x000000008cd00000, 0x000000008ce00000| Untracked 
| 148|0x000000008ce00000, 0x000000008cf00000, 0x000000008cf00000|100%| O|  |TAMS 0x000000008ce00000, 0x000000008cf00000| Untracked 
| 149|0x000000008cf00000, 0x000000008d000000, 0x000000008d000000|100%| O|  |TAMS 0x000000008cf00000, 0x000000008d000000| Untracked 
| 150|0x000000008d000000, 0x000000008d100000, 0x000000008d100000|100%| O|  |TAMS 0x000000008d000000, 0x000000008d100000| Untracked 
| 151|0x000000008d100000, 0x000000008d200000, 0x000000008d200000|100%| O|  |TAMS 0x000000008d100000, 0x000000008d200000| Untracked 
| 152|0x000000008d200000, 0x000000008d300000, 0x000000008d300000|100%| O|  |TAMS 0x000000008d200000, 0x000000008d300000| Untracked 
| 153|0x000000008d300000, 0x000000008d400000, 0x000000008d400000|100%| O|  |TAMS 0x000000008d300000, 0x000000008d400000| Untracked 
| 154|0x000000008d400000, 0x000000008d500000, 0x000000008d500000|100%| O|  |TAMS 0x000000008d400000, 0x000000008d500000| Untracked 
| 155|0x000000008d500000, 0x000000008d600000, 0x000000008d600000|100%| O|  |TAMS 0x000000008d500000, 0x000000008d600000| Untracked 
| 156|0x000000008d600000, 0x000000008d700000, 0x000000008d700000|100%| O|  |TAMS 0x000000008d600000, 0x000000008d700000| Untracked 
| 157|0x000000008d700000, 0x000000008d800000, 0x000000008d800000|100%| O|  |TAMS 0x000000008d700000, 0x000000008d800000| Untracked 
| 158|0x000000008d800000, 0x000000008d900000, 0x000000008d900000|100%| O|  |TAMS 0x000000008d800000, 0x000000008d900000| Untracked 
| 159|0x000000008d900000, 0x000000008da00000, 0x000000008da00000|100%| O|  |TAMS 0x000000008d900000, 0x000000008da00000| Untracked 
| 160|0x000000008da00000, 0x000000008db00000, 0x000000008db00000|100%| O|  |TAMS 0x000000008da00000, 0x000000008db00000| Untracked 
| 161|0x000000008db00000, 0x000000008dc00000, 0x000000008dc00000|100%| O|  |TAMS 0x000000008db00000, 0x000000008dc00000| Untracked 
| 162|0x000000008dc00000, 0x000000008dd00000, 0x000000008dd00000|100%| O|  |TAMS 0x000000008dc00000, 0x000000008dd00000| Untracked 
| 163|0x000000008dd00000, 0x000000008de00000, 0x000000008de00000|100%| O|  |TAMS 0x000000008dd00000, 0x000000008de00000| Untracked 
| 164|0x000000008de00000, 0x000000008df00000, 0x000000008df00000|100%| O|  |TAMS 0x000000008de00000, 0x000000008df00000| Untracked 
| 165|0x000000008df00000, 0x000000008e000000, 0x000000008e000000|100%| O|  |TAMS 0x000000008df00000, 0x000000008e000000| Untracked 
| 166|0x000000008e000000, 0x000000008e100000, 0x000000008e100000|100%| O|  |TAMS 0x000000008e000000, 0x000000008e100000| Untracked 
| 167|0x000000008e100000, 0x000000008e200000, 0x000000008e200000|100%| O|  |TAMS 0x000000008e100000, 0x000000008e200000| Untracked 
| 168|0x000000008e200000, 0x000000008e300000, 0x000000008e300000|100%| O|  |TAMS 0x000000008e200000, 0x000000008e300000| Untracked 
| 169|0x000000008e300000, 0x000000008e400000, 0x000000008e400000|100%| O|  |TAMS 0x000000008e300000, 0x000000008e400000| Untracked 
| 170|0x000000008e400000, 0x000000008e500000, 0x000000008e500000|100%| O|  |TAMS 0x000000008e400000, 0x000000008e500000| Untracked 
| 171|0x000000008e500000, 0x000000008e600000, 0x000000008e600000|100%| O|  |TAMS 0x000000008e500000, 0x000000008e600000| Untracked 
| 172|0x000000008e600000, 0x000000008e700000, 0x000000008e700000|100%| O|  |TAMS 0x000000008e600000, 0x000000008e700000| Untracked 
| 173|0x000000008e700000, 0x000000008e800000, 0x000000008e800000|100%| O|  |TAMS 0x000000008e700000, 0x000000008e72ba00| Untracked 
| 174|0x000000008e800000, 0x000000008e900000, 0x000000008e900000|100%| O|  |TAMS 0x000000008e800000, 0x000000008e800000| Untracked 
| 175|0x000000008e900000, 0x000000008ea00000, 0x000000008ea00000|100%| O|  |TAMS 0x000000008e900000, 0x000000008e900000| Untracked 
| 176|0x000000008ea00000, 0x000000008eb00000, 0x000000008eb00000|100%| O|  |TAMS 0x000000008ea00000, 0x000000008ea00000| Untracked 
| 177|0x000000008eb00000, 0x000000008ec00000, 0x000000008ec00000|100%| O|  |TAMS 0x000000008eb00000, 0x000000008eb00000| Untracked 
| 178|0x000000008ec00000, 0x000000008ed00000, 0x000000008ed00000|100%| O|  |TAMS 0x000000008ec00000, 0x000000008ec00000| Untracked 
| 179|0x000000008ed00000, 0x000000008ee00000, 0x000000008ee00000|100%| O|  |TAMS 0x000000008ed00000, 0x000000008ed00000| Untracked 
| 180|0x000000008ee00000, 0x000000008ef00000, 0x000000008ef00000|100%| O|  |TAMS 0x000000008ee00000, 0x000000008ee00000| Untracked 
| 181|0x000000008ef00000, 0x000000008f000000, 0x000000008f000000|100%| O|  |TAMS 0x000000008ef00000, 0x000000008ef00000| Untracked 
| 182|0x000000008f000000, 0x000000008f100000, 0x000000008f100000|100%| O|  |TAMS 0x000000008f000000, 0x000000008f000000| Untracked 
| 183|0x000000008f100000, 0x000000008f200000, 0x000000008f200000|100%| O|  |TAMS 0x000000008f100000, 0x000000008f100000| Untracked 
| 184|0x000000008f200000, 0x000000008f300000, 0x000000008f300000|100%| O|  |TAMS 0x000000008f200000, 0x000000008f200000| Untracked 
| 185|0x000000008f300000, 0x000000008f400000, 0x000000008f400000|100%| O|  |TAMS 0x000000008f300000, 0x000000008f300000| Untracked 
| 186|0x000000008f400000, 0x000000008f500000, 0x000000008f500000|100%| O|  |TAMS 0x000000008f400000, 0x000000008f400000| Untracked 
| 187|0x000000008f500000, 0x000000008f600000, 0x000000008f600000|100%| O|  |TAMS 0x000000008f500000, 0x000000008f500000| Untracked 
| 188|0x000000008f600000, 0x000000008f700000, 0x000000008f700000|100%| O|  |TAMS 0x000000008f600000, 0x000000008f600000| Untracked 
| 189|0x000000008f700000, 0x000000008f800000, 0x000000008f800000|100%| O|  |TAMS 0x000000008f700000, 0x000000008f700000| Untracked 
| 190|0x000000008f800000, 0x000000008f900000, 0x000000008f900000|100%| O|  |TAMS 0x000000008f800000, 0x000000008f800000| Untracked 
| 191|0x000000008f900000, 0x000000008fa00000, 0x000000008fa00000|100%| O|  |TAMS 0x000000008f900000, 0x000000008f900000| Untracked 
| 192|0x000000008fa00000, 0x000000008fb00000, 0x000000008fb00000|100%| O|  |TAMS 0x000000008fa00000, 0x000000008fa00000| Untracked 
| 193|0x000000008fb00000, 0x000000008fc00000, 0x000000008fc00000|100%| O|  |TAMS 0x000000008fb00000, 0x000000008fb00000| Untracked 
| 194|0x000000008fc00000, 0x000000008fd00000, 0x000000008fd00000|100%| O|  |TAMS 0x000000008fc00000, 0x000000008fc00000| Untracked 
| 195|0x000000008fd00000, 0x000000008fe00000, 0x000000008fe00000|100%| O|  |TAMS 0x000000008fd00000, 0x000000008fd00000| Untracked 
| 196|0x000000008fe00000, 0x000000008fe3b400, 0x000000008ff00000| 23%| O|  |TAMS 0x000000008fe00000, 0x000000008fe00000| Untracked 
| 197|0x000000008ff00000, 0x000000008ff00000, 0x0000000090000000|  0%| F|  |TAMS 0x000000008ff00000, 0x000000008ff00000| Untracked 
| 198|0x0000000090000000, 0x0000000090000000, 0x0000000090100000|  0%| F|  |TAMS 0x0000000090000000, 0x0000000090000000| Untracked 
| 199|0x0000000090100000, 0x0000000090100000, 0x0000000090200000|  0%| F|  |TAMS 0x0000000090100000, 0x0000000090100000| Untracked 
| 200|0x0000000090200000, 0x0000000090200000, 0x0000000090300000|  0%| F|  |TAMS 0x0000000090200000, 0x0000000090200000| Untracked 
| 201|0x0000000090300000, 0x0000000090300000, 0x0000000090400000|  0%| F|  |TAMS 0x0000000090300000, 0x0000000090300000| Untracked 
| 202|0x0000000090400000, 0x0000000090400000, 0x0000000090500000|  0%| F|  |TAMS 0x0000000090400000, 0x0000000090400000| Untracked 
| 203|0x0000000090500000, 0x0000000090500000, 0x0000000090600000|  0%| F|  |TAMS 0x0000000090500000, 0x0000000090500000| Untracked 
| 204|0x0000000090600000, 0x0000000090600000, 0x0000000090700000|  0%| F|  |TAMS 0x0000000090600000, 0x0000000090600000| Untracked 
| 205|0x0000000090700000, 0x0000000090700000, 0x0000000090800000|  0%| F|  |TAMS 0x0000000090700000, 0x0000000090700000| Untracked 
| 206|0x0000000090800000, 0x0000000090800000, 0x0000000090900000|  0%| F|  |TAMS 0x0000000090800000, 0x0000000090800000| Untracked 
| 207|0x0000000090900000, 0x0000000090900000, 0x0000000090a00000|  0%| F|  |TAMS 0x0000000090900000, 0x0000000090900000| Untracked 
| 208|0x0000000090a00000, 0x0000000090a00000, 0x0000000090b00000|  0%| F|  |TAMS 0x0000000090a00000, 0x0000000090a00000| Untracked 
| 209|0x0000000090b00000, 0x0000000090b00000, 0x0000000090c00000|  0%| F|  |TAMS 0x0000000090b00000, 0x0000000090b00000| Untracked 
| 210|0x0000000090c00000, 0x0000000090c00000, 0x0000000090d00000|  0%| F|  |TAMS 0x0000000090c00000, 0x0000000090c00000| Untracked 
| 211|0x0000000090d00000, 0x0000000090d00000, 0x0000000090e00000|  0%| F|  |TAMS 0x0000000090d00000, 0x0000000090d00000| Untracked 
| 212|0x0000000090e00000, 0x0000000090e00000, 0x0000000090f00000|  0%| F|  |TAMS 0x0000000090e00000, 0x0000000090e00000| Untracked 
| 213|0x0000000090f00000, 0x0000000090f00000, 0x0000000091000000|  0%| F|  |TAMS 0x0000000090f00000, 0x0000000090f00000| Untracked 
| 214|0x0000000091000000, 0x0000000091000000, 0x0000000091100000|  0%| F|  |TAMS 0x0000000091000000, 0x0000000091000000| Untracked 
| 215|0x0000000091100000, 0x0000000091100000, 0x0000000091200000|  0%| F|  |TAMS 0x0000000091100000, 0x0000000091100000| Untracked 
| 216|0x0000000091200000, 0x0000000091200000, 0x0000000091300000|  0%| F|  |TAMS 0x0000000091200000, 0x0000000091200000| Untracked 
| 217|0x0000000091300000, 0x0000000091300000, 0x0000000091400000|  0%| F|  |TAMS 0x0000000091300000, 0x0000000091300000| Untracked 
| 218|0x0000000091400000, 0x0000000091400000, 0x0000000091500000|  0%| F|  |TAMS 0x0000000091400000, 0x0000000091400000| Untracked 
| 219|0x0000000091500000, 0x0000000091500000, 0x0000000091600000|  0%| F|  |TAMS 0x0000000091500000, 0x0000000091500000| Untracked 
| 220|0x0000000091600000, 0x0000000091600000, 0x0000000091700000|  0%| F|  |TAMS 0x0000000091600000, 0x0000000091600000| Untracked 
| 221|0x0000000091700000, 0x0000000091700000, 0x0000000091800000|  0%| F|  |TAMS 0x0000000091700000, 0x0000000091700000| Untracked 
| 222|0x0000000091800000, 0x0000000091800000, 0x0000000091900000|  0%| F|  |TAMS 0x0000000091800000, 0x0000000091800000| Untracked 
| 223|0x0000000091900000, 0x0000000091900000, 0x0000000091a00000|  0%| F|  |TAMS 0x0000000091900000, 0x0000000091900000| Untracked 
| 224|0x0000000091a00000, 0x0000000091a00000, 0x0000000091b00000|  0%| F|  |TAMS 0x0000000091a00000, 0x0000000091a00000| Untracked 
| 225|0x0000000091b00000, 0x0000000091b00000, 0x0000000091c00000|  0%| F|  |TAMS 0x0000000091b00000, 0x0000000091b00000| Untracked 
| 226|0x0000000091c00000, 0x0000000091c00000, 0x0000000091d00000|  0%| F|  |TAMS 0x0000000091c00000, 0x0000000091c00000| Untracked 
| 227|0x0000000091d00000, 0x0000000091d00000, 0x0000000091e00000|  0%| F|  |TAMS 0x0000000091d00000, 0x0000000091d00000| Untracked 
| 228|0x0000000091e00000, 0x0000000091e00000, 0x0000000091f00000|  0%| F|  |TAMS 0x0000000091e00000, 0x0000000091e00000| Untracked 
| 229|0x0000000091f00000, 0x0000000091f00000, 0x0000000092000000|  0%| F|  |TAMS 0x0000000091f00000, 0x0000000091f00000| Untracked 
| 230|0x0000000092000000, 0x0000000092000000, 0x0000000092100000|  0%| F|  |TAMS 0x0000000092000000, 0x0000000092000000| Untracked 
| 231|0x0000000092100000, 0x0000000092100000, 0x0000000092200000|  0%| F|  |TAMS 0x0000000092100000, 0x0000000092100000| Untracked 
| 232|0x0000000092200000, 0x0000000092200000, 0x0000000092300000|  0%| F|  |TAMS 0x0000000092200000, 0x0000000092200000| Untracked 
| 233|0x0000000092300000, 0x0000000092300000, 0x0000000092400000|  0%| F|  |TAMS 0x0000000092300000, 0x0000000092300000| Untracked 
| 234|0x0000000092400000, 0x0000000092500000, 0x0000000092500000|100%| S|CS|TAMS 0x0000000092400000, 0x0000000092400000| Complete 
| 235|0x0000000092500000, 0x0000000092600000, 0x0000000092600000|100%| S|CS|TAMS 0x0000000092500000, 0x0000000092500000| Complete 
| 236|0x0000000092600000, 0x0000000092700000, 0x0000000092700000|100%| S|CS|TAMS 0x0000000092600000, 0x0000000092600000| Complete 
| 237|0x0000000092700000, 0x0000000092800000, 0x0000000092800000|100%| S|CS|TAMS 0x0000000092700000, 0x0000000092700000| Complete 
| 238|0x0000000092800000, 0x0000000092800000, 0x0000000092900000|  0%| F|  |TAMS 0x0000000092800000, 0x0000000092800000| Untracked 
| 239|0x0000000092900000, 0x0000000092900000, 0x0000000092a00000|  0%| F|  |TAMS 0x0000000092900000, 0x0000000092900000| Untracked 
| 240|0x0000000092a00000, 0x0000000092a00000, 0x0000000092b00000|  0%| F|  |TAMS 0x0000000092a00000, 0x0000000092a00000| Untracked 
| 241|0x0000000092b00000, 0x0000000092b00000, 0x0000000092c00000|  0%| F|  |TAMS 0x0000000092b00000, 0x0000000092b00000| Untracked 
| 242|0x0000000092c00000, 0x0000000092c00000, 0x0000000092d00000|  0%| F|  |TAMS 0x0000000092c00000, 0x0000000092c00000| Untracked 
| 243|0x0000000092d00000, 0x0000000092d00000, 0x0000000092e00000|  0%| F|  |TAMS 0x0000000092d00000, 0x0000000092d00000| Untracked 
| 244|0x0000000092e00000, 0x0000000092e00000, 0x0000000092f00000|  0%| F|  |TAMS 0x0000000092e00000, 0x0000000092e00000| Untracked 
| 245|0x0000000092f00000, 0x0000000092f00000, 0x0000000093000000|  0%| F|  |TAMS 0x0000000092f00000, 0x0000000092f00000| Untracked 
| 246|0x0000000093000000, 0x0000000093000000, 0x0000000093100000|  0%| F|  |TAMS 0x0000000093000000, 0x0000000093000000| Untracked 
| 247|0x0000000093100000, 0x0000000093100000, 0x0000000093200000|  0%| F|  |TAMS 0x0000000093100000, 0x0000000093100000| Untracked 
| 248|0x0000000093200000, 0x0000000093200000, 0x0000000093300000|  0%| F|  |TAMS 0x0000000093200000, 0x0000000093200000| Untracked 
| 249|0x0000000093300000, 0x0000000093300000, 0x0000000093400000|  0%| F|  |TAMS 0x0000000093300000, 0x0000000093300000| Untracked 
| 250|0x0000000093400000, 0x0000000093400000, 0x0000000093500000|  0%| F|  |TAMS 0x0000000093400000, 0x0000000093400000| Untracked 
| 251|0x0000000093500000, 0x0000000093500000, 0x0000000093600000|  0%| F|  |TAMS 0x0000000093500000, 0x0000000093500000| Untracked 
| 252|0x0000000093600000, 0x0000000093600000, 0x0000000093700000|  0%| F|  |TAMS 0x0000000093600000, 0x0000000093600000| Untracked 
| 253|0x0000000093700000, 0x0000000093700000, 0x0000000093800000|  0%| F|  |TAMS 0x0000000093700000, 0x0000000093700000| Untracked 
| 254|0x0000000093800000, 0x0000000093800000, 0x0000000093900000|  0%| F|  |TAMS 0x0000000093800000, 0x0000000093800000| Untracked 
| 255|0x0000000093900000, 0x0000000093900000, 0x0000000093a00000|  0%| F|  |TAMS 0x0000000093900000, 0x0000000093900000| Untracked 
| 256|0x0000000093a00000, 0x0000000093a00000, 0x0000000093b00000|  0%| F|  |TAMS 0x0000000093a00000, 0x0000000093a00000| Untracked 
| 257|0x0000000093b00000, 0x0000000093b00000, 0x0000000093c00000|  0%| F|  |TAMS 0x0000000093b00000, 0x0000000093b00000| Untracked 
| 258|0x0000000093c00000, 0x0000000093c00000, 0x0000000093d00000|  0%| F|  |TAMS 0x0000000093c00000, 0x0000000093c00000| Untracked 
| 259|0x0000000093d00000, 0x0000000093d00000, 0x0000000093e00000|  0%| F|  |TAMS 0x0000000093d00000, 0x0000000093d00000| Untracked 
| 260|0x0000000093e00000, 0x0000000093e00000, 0x0000000093f00000|  0%| F|  |TAMS 0x0000000093e00000, 0x0000000093e00000| Untracked 
| 261|0x0000000093f00000, 0x0000000093f00000, 0x0000000094000000|  0%| F|  |TAMS 0x0000000093f00000, 0x0000000093f00000| Untracked 
| 262|0x0000000094000000, 0x0000000094000000, 0x0000000094100000|  0%| F|  |TAMS 0x0000000094000000, 0x0000000094000000| Untracked 
| 263|0x0000000094100000, 0x0000000094100000, 0x0000000094200000|  0%| F|  |TAMS 0x0000000094100000, 0x0000000094100000| Untracked 

Card table byte_map: [0x000001585d3f0000,0x000001585d7e0000] _byte_map_base: 0x000001585cfd3000

Marking Bits (Prev, Next): (CMBitMap*) 0x0000015845591668, (CMBitMap*) 0x00000158455916a0
 Prev Bits: [0x000001585dbd0000, 0x000001585fae8000)
 Next Bits: [0x000001585faf0000, 0x0000015861a08000)

Polling page: 0x0000015843420000

Metaspace:

Usage:
  Non-class:    106.50 MB capacity,   103.90 MB ( 98%) used,     1.96 MB (  2%) free+waste,   655.31 KB ( <1%) overhead. 
      Class:     19.46 MB capacity,    16.76 MB ( 86%) used,     2.33 MB ( 12%) free+waste,   365.88 KB (  2%) overhead. 
       Both:    125.96 MB capacity,   120.66 MB ( 96%) used,     4.30 MB (  3%) free+waste,  1021.19 KB ( <1%) overhead. 

Virtual space:
  Non-class space:      108.00 MB reserved,     106.65 MB ( 99%) committed 
      Class space:        1.00 GB reserved,      19.62 MB (  2%) committed 
             Both:        1.11 GB reserved,     126.28 MB ( 11%) committed 

Chunk freelists:
   Non-Class:  156.00 KB
       Class:  77.00 KB
        Both:  233.00 KB

MaxMetaspaceSize: 17179869184.00 GB
CompressedClassSpaceSize: 1.00 GB
Initial GC threshold: 20.80 MB
Current GC threshold: 210.46 MB
CDS: off

CodeHeap 'non-profiled nmethods': size=120000Kb used=5443Kb max_used=5443Kb free=114556Kb
 bounds [0x00000158557a0000, 0x0000015855d00000, 0x000001585ccd0000]
CodeHeap 'profiled nmethods': size=120000Kb used=17016Kb max_used=17016Kb free=102983Kb
 bounds [0x000001584e270000, 0x000001584f310000, 0x00000158557a0000]
CodeHeap 'non-nmethods': size=5760Kb used=1593Kb max_used=1631Kb free=4166Kb
 bounds [0x000001584dcd0000, 0x000001584df40000, 0x000001584e270000]
 total_blobs=9540 nmethods=8591 adapters=859
 compilation: enabled
              stopped_count=0, restarted_count=0
 full_count=0

Compilation events (20 events):
Event: 26.896 Thread 0x0000015864cf1000 8617  s    4       org.apache.hadoop.fs.FSInputChecker::read (86 bytes)
Event: 26.918 Thread 0x0000015864cf1000 nmethod 8617 0x0000015855cebf90 code [0x0000015855cec160, 0x0000015855ceca58]
Event: 26.918 Thread 0x0000015864cf1000 8614       4       org.apache.hadoop.fs.ChecksumFileSystem$ChecksumFSInputChecker::readChunk (328 bytes)
Event: 26.924 Thread 0x0000015864cf1000 nmethod 8614 0x0000015855ced010 code [0x0000015855ced1c0, 0x0000015855ced6d8]
Event: 26.924 Thread 0x0000015864cf1000 8616       4       org.apache.hadoop.fs.FSInputChecker::read1 (98 bytes)
Event: 26.928 Thread 0x0000015864cf1000 nmethod 8616 0x0000015855cedb90 code [0x0000015855cedd40, 0x0000015855cee068]
Event: 26.929 Thread 0x0000015864cf2800 8618       3       java.lang.StringCoding::encodeUTF8_UTF16 (373 bytes)
Event: 26.932 Thread 0x0000015864cf2800 nmethod 8618 0x000001584f309010 code [0x000001584f309280, 0x000001584f30a118]
Event: 26.938 Thread 0x0000015864cf1000 8619 %     4       java.lang.StringCoding::encodeUTF8_UTF16 @ 18 (373 bytes)
Event: 26.949 Thread 0x0000015864cf1000 nmethod 8619% 0x0000015855cee290 code [0x0000015855cee440, 0x0000015855ceec58]
Event: 26.959 Thread 0x0000015864cf1000 8620 %     4       java.lang.StringCoding::encodeUTF8_UTF16 @ 58 (373 bytes)
Event: 26.968 Thread 0x0000015864cf1000 nmethod 8620% 0x0000015855cef010 code [0x0000015855cef1c0, 0x0000015855cef818]
Event: 27.016 Thread 0x0000015864cf1000 8621       4       java.lang.StringCoding::encodeUTF8_UTF16 (373 bytes)
Event: 27.029 Thread 0x0000015864cf1000 nmethod 8621 0x0000015855cefb10 code [0x0000015855cefcc0, 0x0000015855cf04f8]
Event: 27.040 Thread 0x0000015864cf2800 8622       3       com.fasterxml.jackson.core.json.UTF8StreamJsonParser::_skipWS2 (172 bytes)
Event: 27.042 Thread 0x0000015864cf2800 nmethod 8622 0x000001584f30a590 code [0x000001584f30a8c0, 0x000001584f30ba78]
Event: 27.112 Thread 0x0000015864cf1000 8623       4       com.fasterxml.jackson.core.json.UTF8StreamJsonParser::_loadMore (131 bytes)
Event: 27.119 Thread 0x0000015864cf1000 nmethod 8623 0x0000015855cf0890 code [0x0000015855cf0a40, 0x0000015855cf0b78]
Event: 27.371 Thread 0x0000015864cf2800 8624       3       com.fasterxml.jackson.core.json.UTF8StreamJsonParser::_matchToken2 (132 bytes)
Event: 27.373 Thread 0x0000015864cf2800 nmethod 8624 0x000001584f30c010 code [0x000001584f30c380, 0x000001584f30da88]

GC Heap History (20 events):
Event: 26.846 GC heap after
{Heap after GC invocations=36 (full 0):
 garbage-first heap   total 225280K, used 123392K [0x0000000083a00000, 0x0000000100000000)
  region size 1024K, 9 young (9216K), 9 survivors (9216K)
 Metaspace       used 123556K, capacity 128979K, committed 129308K, reserved 1159168K
  class space    used 17166K, capacity 19923K, committed 20096K, reserved 1048576K
}
Event: 26.899 GC heap before
{Heap before GC invocations=36 (full 0):
 garbage-first heap   total 225280K, used 175616K [0x0000000083a00000, 0x0000000100000000)
  region size 1024K, 60 young (61440K), 9 survivors (9216K)
 Metaspace       used 123556K, capacity 128979K, committed 129308K, reserved 1159168K
  class space    used 17166K, capacity 19923K, committed 20096K, reserved 1048576K
}
Event: 26.916 GC heap after
{Heap after GC invocations=37 (full 0):
 garbage-first heap   total 225280K, used 135087K [0x0000000083a00000, 0x0000000100000000)
  region size 1024K, 8 young (8192K), 8 survivors (8192K)
 Metaspace       used 123556K, capacity 128979K, committed 129308K, reserved 1159168K
  class space    used 17166K, capacity 19923K, committed 20096K, reserved 1048576K
}
Event: 26.995 GC heap before
{Heap before GC invocations=37 (full 0):
 garbage-first heap   total 225280K, used 181167K [0x0000000083a00000, 0x0000000100000000)
  region size 1024K, 53 young (54272K), 8 survivors (8192K)
 Metaspace       used 123556K, capacity 128979K, committed 129308K, reserved 1159168K
  class space    used 17166K, capacity 19923K, committed 20096K, reserved 1048576K
}
Event: 27.007 GC heap after
{Heap after GC invocations=38 (full 0):
 garbage-first heap   total 225280K, used 146432K [0x0000000083a00000, 0x0000000100000000)
  region size 1024K, 7 young (7168K), 7 survivors (7168K)
 Metaspace       used 123556K, capacity 128979K, committed 129308K, reserved 1159168K
  class space    used 17166K, capacity 19923K, committed 20096K, reserved 1048576K
}
Event: 27.072 GC heap before
{Heap before GC invocations=38 (full 0):
 garbage-first heap   total 225280K, used 184320K [0x0000000083a00000, 0x0000000100000000)
  region size 1024K, 44 young (45056K), 7 survivors (7168K)
 Metaspace       used 123556K, capacity 128979K, committed 129308K, reserved 1159168K
  class space    used 17166K, capacity 19923K, committed 20096K, reserved 1048576K
}
Event: 27.082 GC heap after
{Heap after GC invocations=39 (full 0):
 garbage-first heap   total 225280K, used 155648K [0x0000000083a00000, 0x0000000100000000)
  region size 1024K, 6 young (6144K), 6 survivors (6144K)
 Metaspace       used 123556K, capacity 128979K, committed 129308K, reserved 1159168K
  class space    used 17166K, capacity 19923K, committed 20096K, reserved 1048576K
}
Event: 27.119 GC heap before
{Heap before GC invocations=39 (full 0):
 garbage-first heap   total 225280K, used 186368K [0x0000000083a00000, 0x0000000100000000)
  region size 1024K, 36 young (36864K), 6 survivors (6144K)
 Metaspace       used 123556K, capacity 128979K, committed 129308K, reserved 1159168K
  class space    used 17166K, capacity 19923K, committed 20096K, reserved 1048576K
}
Event: 27.128 GC heap after
{Heap after GC invocations=40 (full 0):
 garbage-first heap   total 225280K, used 162816K [0x0000000083a00000, 0x0000000100000000)
  region size 1024K, 5 young (5120K), 5 survivors (5120K)
 Metaspace       used 123556K, capacity 128979K, committed 129308K, reserved 1159168K
  class space    used 17166K, capacity 19923K, committed 20096K, reserved 1048576K
}
Event: 27.161 GC heap before
{Heap before GC invocations=41 (full 0):
 garbage-first heap   total 225280K, used 189440K [0x0000000083a00000, 0x0000000100000000)
  region size 1024K, 31 young (31744K), 5 survivors (5120K)
 Metaspace       used 123556K, capacity 128979K, committed 129308K, reserved 1159168K
  class space    used 17166K, capacity 19923K, committed 20096K, reserved 1048576K
}
Event: 27.170 GC heap after
{Heap after GC invocations=42 (full 0):
 garbage-first heap   total 225280K, used 168902K [0x0000000083a00000, 0x0000000100000000)
  region size 1024K, 4 young (4096K), 4 survivors (4096K)
 Metaspace       used 123556K, capacity 128979K, committed 129308K, reserved 1159168K
  class space    used 17166K, capacity 19923K, committed 20096K, reserved 1048576K
}
Event: 27.194 GC heap before
{Heap before GC invocations=42 (full 0):
 garbage-first heap   total 225280K, used 191430K [0x0000000083a00000, 0x0000000100000000)
  region size 1024K, 26 young (26624K), 4 survivors (4096K)
 Metaspace       used 123556K, capacity 128979K, committed 129308K, reserved 1159168K
  class space    used 17166K, capacity 19923K, committed 20096K, reserved 1048576K
}
Event: 27.202 GC heap after
{Heap after GC invocations=43 (full 0):
 garbage-first heap   total 270336K, used 174346K [0x0000000083a00000, 0x0000000100000000)
  region size 1024K, 4 young (4096K), 4 survivors (4096K)
 Metaspace       used 123556K, capacity 128979K, committed 129308K, reserved 1159168K
  class space    used 17166K, capacity 19923K, committed 20096K, reserved 1048576K
}
Event: 27.275 GC heap before
{Heap before GC invocations=43 (full 0):
 garbage-first heap   total 270336K, used 209162K [0x0000000083a00000, 0x0000000100000000)
  region size 1024K, 38 young (38912K), 4 survivors (4096K)
 Metaspace       used 123556K, capacity 128979K, committed 129308K, reserved 1159168K
  class space    used 17166K, capacity 19923K, committed 20096K, reserved 1048576K
}
Event: 27.291 GC heap after
{Heap after GC invocations=44 (full 0):
 garbage-first heap   total 270336K, used 182446K [0x0000000083a00000, 0x0000000100000000)
  region size 1024K, 5 young (5120K), 5 survivors (5120K)
 Metaspace       used 123556K, capacity 128979K, committed 129308K, reserved 1159168K
  class space    used 17166K, capacity 19923K, committed 20096K, reserved 1048576K
}
Event: 27.352 GC heap before
{Heap before GC invocations=44 (full 0):
 garbage-first heap   total 270336K, used 215214K [0x0000000083a00000, 0x0000000100000000)
  region size 1024K, 37 young (37888K), 5 survivors (5120K)
 Metaspace       used 123556K, capacity 128979K, committed 129308K, reserved 1159168K
  class space    used 17166K, capacity 19923K, committed 20096K, reserved 1048576K
}
Event: 27.362 GC heap after
{Heap after GC invocations=45 (full 0):
 garbage-first heap   total 270336K, used 190289K [0x0000000083a00000, 0x0000000100000000)
  region size 1024K, 5 young (5120K), 5 survivors (5120K)
 Metaspace       used 123556K, capacity 128979K, committed 129308K, reserved 1159168K
  class space    used 17166K, capacity 19923K, committed 20096K, reserved 1048576K
}
Event: 27.408 GC heap before
{Heap before GC invocations=45 (full 0):
 garbage-first heap   total 270336K, used 221009K [0x0000000083a00000, 0x0000000100000000)
  region size 1024K, 35 young (35840K), 5 survivors (5120K)
 Metaspace       used 123556K, capacity 128979K, committed 129308K, reserved 1159168K
  class space    used 17166K, capacity 19923K, committed 20096K, reserved 1048576K
}
Event: 27.416 GC heap after
{Heap after GC invocations=46 (full 0):
 garbage-first heap   total 270336K, used 198106K [0x0000000083a00000, 0x0000000100000000)
  region size 1024K, 5 young (5120K), 5 survivors (5120K)
 Metaspace       used 123556K, capacity 128979K, committed 129308K, reserved 1159168K
  class space    used 17166K, capacity 19923K, committed 20096K, reserved 1048576K
}
Event: 27.464 GC heap before
{Heap before GC invocations=46 (full 0):
 garbage-first heap   total 270336K, used 224730K [0x0000000083a00000, 0x0000000100000000)
  region size 1024K, 31 young (31744K), 5 survivors (5120K)
 Metaspace       used 123556K, capacity 128979K, committed 129308K, reserved 1159168K
  class space    used 17166K, capacity 19923K, committed 20096K, reserved 1048576K
}

Deoptimization events (20 events):
Event: 26.881 Thread 0x0000015867616000 DEOPT PACKING pc=0x000001584f3089b7 sp=0x0000004495cfc740
Event: 26.881 Thread 0x0000015867616000 DEOPT UNPACKING pc=0x000001584dd19d0e sp=0x0000004495cfbc28 mode 0
Event: 26.882 Thread 0x0000015867616000 DEOPT PACKING pc=0x000001584f3089b7 sp=0x0000004495cfc740
Event: 26.882 Thread 0x0000015867616000 DEOPT UNPACKING pc=0x000001584dd19d0e sp=0x0000004495cfbc28 mode 0
Event: 26.882 Thread 0x0000015867616000 DEOPT PACKING pc=0x000001584f3089b7 sp=0x0000004495cfc740
Event: 26.882 Thread 0x0000015867616000 DEOPT UNPACKING pc=0x000001584dd19d0e sp=0x0000004495cfbc28 mode 0
Event: 26.882 Thread 0x0000015867616000 DEOPT PACKING pc=0x000001584f3089b7 sp=0x0000004495cfc740
Event: 26.882 Thread 0x0000015867616000 DEOPT UNPACKING pc=0x000001584dd19d0e sp=0x0000004495cfbc28 mode 0
Event: 26.883 Thread 0x0000015867616000 DEOPT PACKING pc=0x000001584f3089b7 sp=0x0000004495cfc740
Event: 26.883 Thread 0x0000015867616000 DEOPT UNPACKING pc=0x000001584dd19d0e sp=0x0000004495cfbc28 mode 0
Event: 26.883 Thread 0x0000015867616000 DEOPT PACKING pc=0x000001584f3089b7 sp=0x0000004495cfc740
Event: 26.883 Thread 0x0000015867616000 DEOPT UNPACKING pc=0x000001584dd19d0e sp=0x0000004495cfbc28 mode 0
Event: 26.883 Thread 0x0000015867616000 DEOPT PACKING pc=0x000001584f3089b7 sp=0x0000004495cfc740
Event: 26.883 Thread 0x0000015867616000 DEOPT UNPACKING pc=0x000001584dd19d0e sp=0x0000004495cfbc28 mode 0
Event: 26.884 Thread 0x0000015867616000 DEOPT PACKING pc=0x000001584f3089b7 sp=0x0000004495cfc740
Event: 26.884 Thread 0x0000015867616000 DEOPT UNPACKING pc=0x000001584dd19d0e sp=0x0000004495cfbc28 mode 0
Event: 26.929 Thread 0x0000015867616000 DEOPT PACKING pc=0x000001584f3036a0 sp=0x0000004495cfcac0
Event: 26.929 Thread 0x0000015867616000 DEOPT UNPACKING pc=0x000001584dd19d0e sp=0x0000004495cfbfa0 mode 0
Event: 27.016 Thread 0x0000015867616000 DEOPT PACKING pc=0x000001584f30a015 sp=0x0000004495cfcac0
Event: 27.016 Thread 0x0000015867616000 DEOPT UNPACKING pc=0x000001584dd19d0e sp=0x0000004495cfbfa0 mode 0

Classes redefined (0 events):
No events

Internal exceptions (20 events):
Event: 25.277 Thread 0x00000158665b5800 Exception <a 'java/lang/NoSuchMethodError'{0x000000008affed20}: <clinit>> (0x000000008affed20) thrown at [s\src\hotspot\share\prims\jni.cpp, line 1372]
Event: 25.279 Thread 0x00000158665b5800 Exception <a 'java/lang/NoSuchMethodError'{0x000000008ae3c440}: <clinit>> (0x000000008ae3c440) thrown at [s\src\hotspot\share\prims\jni.cpp, line 1372]
Event: 25.280 Thread 0x00000158665b5800 Exception <a 'java/lang/NoSuchMethodError'{0x000000008ae5c2a8}: <clinit>> (0x000000008ae5c2a8) thrown at [s\src\hotspot\share\prims\jni.cpp, line 1372]
Event: 25.288 Thread 0x0000015867828800 Exception <a 'java/lang/NoSuchMethodError'{0x000000008aee6ec0}: <clinit>> (0x000000008aee6ec0) thrown at [s\src\hotspot\share\prims\jni.cpp, line 1372]
Event: 25.288 Thread 0x0000015867828800 Exception <a 'java/lang/NoSuchMethodError'{0x000000008aeee680}: <clinit>> (0x000000008aeee680) thrown at [s\src\hotspot\share\prims\jni.cpp, line 1372]
Event: 25.288 Thread 0x0000015867828800 Exception <a 'java/lang/NoSuchMethodError'{0x000000008aef9b40}: <clinit>> (0x000000008aef9b40) thrown at [s\src\hotspot\share\prims\jni.cpp, line 1372]
Event: 25.288 Thread 0x0000015867828800 Exception <a 'java/lang/NoSuchMethodError'{0x000000008ad081f0}: <clinit>> (0x000000008ad081f0) thrown at [s\src\hotspot\share\prims\jni.cpp, line 1372]
Event: 25.289 Thread 0x0000015867828800 Exception <a 'java/lang/NoSuchMethodError'{0x000000008ad16a98}: <clinit>> (0x000000008ad16a98) thrown at [s\src\hotspot\share\prims\jni.cpp, line 1372]
Event: 25.296 Thread 0x0000015867616000 Exception <a 'java/lang/NoSuchMethodError'{0x000000008adcf840}: 'java.lang.Object java.lang.invoke.DirectMethodHandle$Holder.invokeSpecial(java.lang.Object, java.lang.Object, java.lang.Object, java.lang.Object, java.lang.Object, java.lang.Object, java.lang.Object, java.lang.Object, java.lang.Object, java.lang.Object, java.lang.Object, java.lang.Object, java.lang.Object, java.lang.Object)'> (0x000000008adcf840) thrown at [s\src\hotspot\share\interpreter\linkResolver.cpp, line 773]
Event: 25.296 Thread 0x0000015867616000 Exception <a 'java/lang/NoSuchMethodError'{0x000000008add9398}: 'java.lang.Object java.lang.invoke.DirectMethodHandle$Holder.invokeSpecial(java.lang.Object, java.lang.Object, java.lang.Object, java.lang.Object, java.lang.Object, java.lang.Object, java.lang.Object, java.lang.Object, java.lang.Object, java.lang.Object, java.lang.Object, java.lang.Object, java.lang.Object)'> (0x000000008add9398) thrown at [s\src\hotspot\share\interpreter\linkResolver.cpp, line 773]
Event: 25.297 Thread 0x0000015867616000 Exception <a 'java/lang/NoSuchMethodError'{0x000000008ac1d5c8}: 'java.lang.Object java.lang.invoke.DelegatingMethodHandle$Holder.delegate(java.lang.Object, java.lang.Object, java.lang.Object, java.lang.Object, java.lang.Object, java.lang.Object, java.lang.Object, java.lang.Object, java.lang.Object, java.lang.Object, java.lang.Object, java.lang.Object, java.lang.Object, java.lang.Object, java.lang.Object, java.lang.Object, java.lang.Object, java.lang.Object, java.lang.Object, java.lang.Object, java.lang.Obj
Event: 25.298 Thread 0x0000015867616000 Exception <a 'java/lang/NoSuchMethodError'{0x000000008ac95a80}: 'java.lang.Object java.lang.invoke.DelegatingMethodHandle$Holder.reinvoke_L(java.lang.Object, java.lang.Object, java.lang.Object, java.lang.Object, java.lang.Object, java.lang.Object, java.lang.Object, java.lang.Object, java.lang.Object, java.lang.Object, java.lang.Object, java.lang.Object, java.lang.Object, java.lang.Object, java.lang.Object, java.lang.Object, java.lang.Object, java.lang.Object, java.lang.Object, java.lang.Object, java.lang.O
Event: 25.300 Thread 0x0000015867616000 Exception <a 'java/lang/NoSuchMethodError'{0x000000008ab56090}: 'java.lang.Object java.lang.invoke.Invokers$Holder.invoker(java.lang.Object, java.lang.Object, java.lang.Object, java.lang.Object, java.lang.Object, java.lang.Object, java.lang.Object, java.lang.Object, java.lang.Object, java.lang.Object, java.lang.Object, java.lang.Object, java.lang.Object, java.lang.Object, java.lang.Object, java.lang.Object, java.lang.Object, java.lang.Object, java.lang.Object, java.lang.Object, java.lang.Object, java.lang.
Event: 25.300 Thread 0x0000015867616000 Exception <a 'java/lang/NoSuchMethodError'{0x000000008ab66cd8}: 'java.lang.Object java.lang.invoke.DelegatingMethodHandle$Holder.delegate(java.lang.Object, java.lang.Object, java.lang.Object, java.lang.Object, java.lang.Object, java.lang.Object, java.lang.Object, java.lang.Object, java.lang.Object, java.lang.Object, java.lang.Object, java.lang.Object, java.lang.Object, java.lang.Object, java.lang.Object, java.lang.Object, java.lang.Object, java.lang.Object, java.lang.Object, java.lang.Object, java.lang.Obj
Event: 25.305 Thread 0x0000015867616000 Exception <a 'java/lang/NoSuchMethodError'{0x000000008abdbe18}: 'java.lang.Object java.lang.invoke.Invokers$Holder.invoker(java.lang.Object, java.lang.Object, java.lang.Object, java.lang.Object, java.lang.Object, java.lang.Object, java.lang.Object, java.lang.Object, java.lang.Object, java.lang.Object, java.lang.Object, java.lang.Object, java.lang.Object)'> (0x000000008abdbe18) thrown at [s\src\hotspot\share\interpreter\linkResolver.cpp, line 773]
Event: 25.308 Thread 0x0000015867616000 Exception <a 'java/lang/NoSuchMethodError'{0x000000008abf2320}: 'java.lang.Object java.lang.invoke.DelegatingMethodHandle$Holder.reinvoke_L(java.lang.Object, java.lang.Object, java.lang.Object, int, java.lang.Object)'> (0x000000008abf2320) thrown at [s\src\hotspot\share\interpreter\linkResolver.cpp, line 773]
Event: 25.497 Thread 0x0000015867616000 Implicit null exception at 0x0000015855c0bc2c to 0x0000015855c0bea0
Event: 25.802 Thread 0x0000015867616000 Implicit null exception at 0x0000015855a1bf96 to 0x0000015855a1c34c
Event: 25.806 Thread 0x0000015867616000 Implicit null exception at 0x0000015855a37728 to 0x0000015855a37be4
Event: 25.807 Thread 0x0000015867616000 Implicit null exception at 0x0000015855a19ed7 to 0x0000015855a19fb6

Events (20 events):
Event: 27.007 Executing VM operation: G1CollectForAllocation done
Event: 27.056 Executing VM operation: CGC_Operation
Event: 27.068 Executing VM operation: CGC_Operation done
Event: 27.072 Executing VM operation: G1CollectForAllocation
Event: 27.082 Executing VM operation: G1CollectForAllocation done
Event: 27.119 Executing VM operation: G1CollectForAllocation
Event: 27.128 Executing VM operation: G1CollectForAllocation done
Event: 27.160 Executing VM operation: CGC_Operation
Event: 27.160 Executing VM operation: CGC_Operation done
Event: 27.161 Executing VM operation: G1CollectForAllocation
Event: 27.170 Executing VM operation: G1CollectForAllocation done
Event: 27.194 Executing VM operation: G1CollectForAllocation
Event: 27.202 Executing VM operation: G1CollectForAllocation done
Event: 27.275 Executing VM operation: G1CollectForAllocation
Event: 27.291 Executing VM operation: G1CollectForAllocation done
Event: 27.352 Executing VM operation: G1CollectForAllocation
Event: 27.362 Executing VM operation: G1CollectForAllocation done
Event: 27.407 Executing VM operation: G1CollectForAllocation
Event: 27.416 Executing VM operation: G1CollectForAllocation done
Event: 27.460 Executing VM operation: G1CollectForAllocation


Dynamic libraries:
0x00007ff777e60000 - 0x00007ff777e6e000 	C:\Users\Hp\.jdks\corretto-11.0.24\bin\java.exe
0x00007ffa82ef0000 - 0x00007ffa830e8000 	C:\windows\SYSTEM32\ntdll.dll
0x00007ffa827a0000 - 0x00007ffa82862000 	C:\windows\System32\KERNEL32.DLL
0x00007ffa809d0000 - 0x00007ffa80cce000 	C:\windows\System32\KERNELBASE.dll
0x00007ffa80640000 - 0x00007ffa80740000 	C:\windows\System32\ucrtbase.dll
0x00007ffa55790000 - 0x00007ffa557a7000 	C:\Users\Hp\.jdks\corretto-11.0.24\bin\jli.dll
0x00007ffa82600000 - 0x00007ffa8279d000 	C:\windows\System32\USER32.dll
0x00007ffa56f80000 - 0x00007ffa56f9b000 	C:\Users\Hp\.jdks\corretto-11.0.24\bin\VCRUNTIME140.dll
0x00007ffa80ee0000 - 0x00007ffa80f02000 	C:\windows\System32\win32u.dll
0x00007ffa817a0000 - 0x00007ffa817cb000 	C:\windows\System32\GDI32.dll
0x00007ffa80d40000 - 0x00007ffa80e57000 	C:\windows\System32\gdi32full.dll
0x00007ffa808a0000 - 0x00007ffa8093d000 	C:\windows\System32\msvcp_win.dll
0x00007ffa68f90000 - 0x00007ffa6922a000 	C:\windows\WinSxS\amd64_microsoft.windows.common-controls_6595b64144ccf1df_6.0.19041.4355_none_60b8b9eb71f62e16\COMCTL32.dll
0x00007ffa81240000 - 0x00007ffa812de000 	C:\windows\System32\msvcrt.dll
0x00007ffa81410000 - 0x00007ffa8143f000 	C:\windows\System32\IMM32.DLL
0x00007ffa5a810000 - 0x00007ffa5a81c000 	C:\Users\Hp\.jdks\corretto-11.0.24\bin\vcruntime140_1.dll
0x00007ffa1db40000 - 0x00007ffa1dbcd000 	C:\Users\Hp\.jdks\corretto-11.0.24\bin\msvcp140.dll
0x00007ff9c0670000 - 0x00007ff9c1235000 	C:\Users\Hp\.jdks\corretto-11.0.24\bin\server\jvm.dll
0x00007ffa82980000 - 0x00007ffa82a31000 	C:\windows\System32\ADVAPI32.dll
0x00007ffa81350000 - 0x00007ffa813ef000 	C:\windows\System32\sechost.dll
0x00007ffa817d0000 - 0x00007ffa818f3000 	C:\windows\System32\RPCRT4.dll
0x00007ffa80eb0000 - 0x00007ffa80ed7000 	C:\windows\System32\bcrypt.dll
0x00007ffa82140000 - 0x00007ffa82148000 	C:\windows\System32\PSAPI.DLL
0x00007ffa6c9a0000 - 0x00007ffa6c9c7000 	C:\windows\SYSTEM32\WINMM.dll
0x00007ffa5acf0000 - 0x00007ffa5acf9000 	C:\windows\SYSTEM32\WSOCK32.dll
0x00007ffa75ef0000 - 0x00007ffa75efa000 	C:\windows\SYSTEM32\VERSION.dll
0x00007ffa82500000 - 0x00007ffa8256b000 	C:\windows\System32\WS2_32.dll
0x00007ffa7ed80000 - 0x00007ffa7ed92000 	C:\windows\SYSTEM32\kernel.appcore.dll
0x00007ffa59dc0000 - 0x00007ffa59dd0000 	C:\Users\Hp\.jdks\corretto-11.0.24\bin\verify.dll
0x00007ffa7dfa0000 - 0x00007ffa7e184000 	C:\windows\SYSTEM32\DBGHELP.DLL
0x00007ffa66aa0000 - 0x00007ffa66ad4000 	C:\windows\SYSTEM32\dbgcore.DLL
0x00007ffa80940000 - 0x00007ffa809c2000 	C:\windows\System32\bcryptPrimitives.dll
0x00007ffa1e610000 - 0x00007ffa1e638000 	C:\Users\Hp\.jdks\corretto-11.0.24\bin\java.dll
0x00007ffa59d60000 - 0x00007ffa59d6a000 	C:\Users\Hp\.jdks\corretto-11.0.24\bin\jimage.dll
0x00007ffa762b0000 - 0x00007ffa762be000 	C:\Users\Hp\.jdks\corretto-11.0.24\bin\instrument.dll
0x00007ffa47c20000 - 0x00007ffa47c38000 	C:\Users\Hp\.jdks\corretto-11.0.24\bin\zip.dll
0x00007ffa819d0000 - 0x00007ffa8213d000 	C:\windows\System32\SHELL32.dll
0x00007ffa7e5b0000 - 0x00007ffa7ed54000 	C:\windows\SYSTEM32\windows.storage.dll
0x00007ffa81440000 - 0x00007ffa81793000 	C:\windows\System32\combase.dll
0x00007ffa7ffc0000 - 0x00007ffa7ffee000 	C:\windows\SYSTEM32\Wldp.dll
0x00007ffa81900000 - 0x00007ffa819cd000 	C:\windows\System32\OLEAUT32.dll
0x00007ffa81190000 - 0x00007ffa8123d000 	C:\windows\System32\SHCORE.dll
0x00007ffa812e0000 - 0x00007ffa81335000 	C:\windows\System32\shlwapi.dll
0x00007ffa804c0000 - 0x00007ffa804e4000 	C:\windows\SYSTEM32\profapi.dll
0x00007ffa2dbf0000 - 0x00007ffa2dc09000 	C:\Users\Hp\.jdks\corretto-11.0.24\bin\net.dll
0x00007ffa78c80000 - 0x00007ffa78d8d000 	C:\windows\SYSTEM32\WINHTTP.dll
0x00007ffa7fd20000 - 0x00007ffa7fd8a000 	C:\windows\system32\mswsock.dll
0x00007ffa2c8b0000 - 0x00007ffa2c8c2000 	C:\Users\Hp\.jdks\corretto-11.0.24\bin\nio.dll
0x00007ffa55770000 - 0x00007ffa5578a000 	C:\Program Files\JetBrains\IntelliJ IDEA Community Edition 2024.3\bin\breakgen64.dll
0x00007ffa762a0000 - 0x00007ffa762a9000 	C:\Users\Hp\.jdks\corretto-11.0.24\bin\management.dll
0x00007ffa64560000 - 0x00007ffa6456b000 	C:\Users\Hp\.jdks\corretto-11.0.24\bin\management_ext.dll
0x00007ffa64920000 - 0x00007ffa64937000 	C:\windows\system32\napinsp.dll
0x00007ffa48440000 - 0x00007ffa4845b000 	C:\windows\system32\pnrpnsp.dll
0x00007ffa78c20000 - 0x00007ffa78c35000 	C:\windows\system32\wshbth.dll
0x00007ffa78c60000 - 0x00007ffa78c7d000 	C:\windows\system32\NLAapi.dll
0x00007ffa7f9b0000 - 0x00007ffa7f9eb000 	C:\windows\SYSTEM32\IPHLPAPI.DLL
0x00007ffa7f9f0000 - 0x00007ffa7faba000 	C:\windows\SYSTEM32\DNSAPI.dll
0x00007ffa81340000 - 0x00007ffa81348000 	C:\windows\System32\NSI.dll
0x00007ffa43e60000 - 0x00007ffa43e72000 	C:\windows\System32\winrnr.dll
0x00007ffa74e30000 - 0x00007ffa74e3a000 	C:\Windows\System32\rasadhlp.dll
0x00007ffa73e50000 - 0x00007ffa73ed0000 	C:\windows\System32\fwpuclnt.dll
0x00007ffa64440000 - 0x00007ffa64449000 	C:\Users\Hp\.jdks\corretto-11.0.24\bin\jaas.dll
0x00007ffa7ff20000 - 0x00007ffa7ff38000 	C:\windows\SYSTEM32\CRYPTSP.dll
0x00007ffa7f5d0000 - 0x00007ffa7f604000 	C:\windows\system32\rsaenh.dll
0x00007ffa80440000 - 0x00007ffa8046e000 	C:\windows\SYSTEM32\USERENV.dll
0x00007ffa7ff10000 - 0x00007ffa7ff1c000 	C:\windows\SYSTEM32\CRYPTBASE.dll
0x00007ffa75180000 - 0x00007ffa75197000 	C:\windows\SYSTEM32\dhcpcsvc6.DLL
0x00007ffa75140000 - 0x00007ffa7515d000 	C:\windows\SYSTEM32\dhcpcsvc.DLL
0x0000000066f40000 - 0x0000000066fc4000 	C:\Users\Hp\AppData\Local\Temp\liblz4-java-16898734384785103249.so
0x00007ffa5f540000 - 0x00007ffa5f54e000 	C:\Users\Hp\.jdks\corretto-11.0.24\bin\sunmscapi.dll
0x00007ffa80740000 - 0x00007ffa8089c000 	C:\windows\System32\CRYPT32.dll
0x00007ffa80030000 - 0x00007ffa80057000 	C:\windows\SYSTEM32\ncrypt.dll
0x00007ffa7fff0000 - 0x00007ffa8002b000 	C:\windows\SYSTEM32\NTASN1.dll
0x00007ffa54bf0000 - 0x00007ffa54c17000 	C:\Users\Hp\.jdks\corretto-11.0.24\bin\sunec.dll

dbghelp: loaded successfully - version: 4.0.5 - missing functions: none
symbol engine: initialized successfully - sym options: 0x614 - pdb path: .;C:\Users\Hp\.jdks\corretto-11.0.24\bin;C:\windows\SYSTEM32;C:\windows\WinSxS\amd64_microsoft.windows.common-controls_6595b64144ccf1df_6.0.19041.4355_none_60b8b9eb71f62e16;C:\Users\Hp\.jdks\corretto-11.0.24\bin\server;C:\Program Files\JetBrains\IntelliJ IDEA Community Edition 2024.3\bin;C:\Users\Hp\AppData\Local\Temp

VM Arguments:
jvm_args: -javaagent:C:\Program Files\JetBrains\IntelliJ IDEA Community Edition 2024.3\lib\idea_rt.jar=58502:C:\Program Files\JetBrains\IntelliJ IDEA Community Edition 2024.3\bin -Dfile.encoding=UTF-8 
java_command: MongoDBSparkApp
java_class_path (initial): C:\Users\Hp\Documents\cve_files\target\scala-2.12\classes;C:\Users\Hp\AppData\Local\Coursier\cache\v1\https\repo1.maven.org\maven2\org\scala-lang\scala-library\2.12.15\scala-library-2.12.15.jar;C:\Users\Hp\AppData\Local\Coursier\cache\v1\https\repo1.maven.org\maven2\org\apache\spark\spark-core_2.12\3.4.0\spark-core_2.12-3.4.0.jar;C:\Users\Hp\AppData\Local\Coursier\cache\v1\https\repo1.maven.org\maven2\org\apache\spark\spark-sql_2.12\3.4.0\spark-sql_2.12-3.4.0.jar;C:\Users\Hp\AppData\Local\Coursier\cache\v1\https\repo1.maven.org\maven2\org\mongodb\spark\mongo-spark-connector_2.12\10.1.1\mongo-spark-connector_2.12-10.1.1.jar;C:\Users\Hp\AppData\Local\Coursier\cache\v1\https\repo1.maven.org\maven2\org\neo4j\neo4j-connector-apache-spark_2.12\5.3.1_for_spark_3\neo4j-connector-apache-spark_2.12-5.3.1_for_spark_3.jar;C:\Users\Hp\AppData\Local\Coursier\cache\v1\https\repo1.maven.org\maven2\org\neo4j\driver\neo4j-java-driver\4.4.17\neo4j-java-driver-4.4.17.jar;C:\Users\Hp\AppData\Local\Coursier\cache\v1\https\repo1.maven.org\maven2\org\apache\avro\avro\1.11.1\avro-1.11.1.jar;C:\Users\Hp\AppData\Local\Coursier\cache\v1\https\repo1.maven.org\maven2\org\apache\avro\avro-mapred\1.11.1\avro-mapred-1.11.1.jar;C:\Users\Hp\AppData\Local\Coursier\cache\v1\https\repo1.maven.org\maven2\com\twitter\chill_2.12\0.10.0\chill_2.12-0.10.0.jar;C:\Users\Hp\AppData\Local\Coursier\cache\v1\https\repo1.maven.org\maven2\com\twitter\chill-java\0.10.0\chill-java-0.10.0.jar;C:\Users\Hp\AppData\Local\Coursier\cache\v1\https\repo1.maven.org\maven2\org\apache\xbean\xbean-asm9-shaded\4.22\xbean-asm9-shaded-4.22.jar;C:\Users\Hp\AppData\Local\Coursier\cache\v1\https\repo1.maven.org\maven2\org\apache\hadoop\hadoop-client-api\3.3.4\hadoop-client-api-3.3.4.jar;C:\Users\Hp\AppData\Local\Coursier\cache\v1\https\repo1.maven.org\maven2\org\apache\hadoop\hadoop-client-runtime\3.3.4\hadoop-client-runtime-3.3.4.jar;C:\Users\Hp\AppData\Local\Coursier\cache\v1\https\repo1.maven.org\maven2\
Launcher Type: SUN_STANDARD

[Global flags]
     intx CICompilerCount                          = 4                                         {product} {ergonomic}
     uint ConcGCThreads                            = 2                                         {product} {ergonomic}
     uint G1ConcRefinementThreads                  = 8                                         {product} {ergonomic}
   size_t G1HeapRegionSize                         = 1048576                                   {product} {ergonomic}
    uintx GCDrainStackTargetSize                   = 64                                        {product} {ergonomic}
   size_t InitialHeapSize                          = 132120576                                 {product} {ergonomic}
   size_t MarkStackSize                            = 4194304                                   {product} {ergonomic}
   size_t MaxHeapSize                              = 2086666240                                {product} {ergonomic}
   size_t MaxNewSize                               = 1251999744                                {product} {ergonomic}
   size_t MinHeapDeltaBytes                        = 1048576                                   {product} {ergonomic}
    uintx NonNMethodCodeHeapSize                   = 5836300                                {pd product} {ergonomic}
    uintx NonProfiledCodeHeapSize                  = 122910970                              {pd product} {ergonomic}
    uintx ProfiledCodeHeapSize                     = 122910970                              {pd product} {ergonomic}
    uintx ReservedCodeCacheSize                    = 251658240                              {pd product} {ergonomic}
     bool SegmentedCodeCache                       = true                                      {product} {ergonomic}
     bool UseCompressedClassPointers               = true                                 {lp64_product} {ergonomic}
     bool UseCompressedOops                        = true                                 {lp64_product} {ergonomic}
     bool UseG1GC                                  = true                                      {product} {ergonomic}
     bool UseLargePagesIndividualAllocation        = false                                  {pd product} {ergonomic}

Logging:
Log output configuration:
 #0: stdout all=warning uptime,level,tags
 #1: stderr all=off uptime,level,tags

Environment Variables:
JAVA_HOME=C:\Program Files\Java\jdk-19
PATH=C:\Program Files\Common Files\Oracle\Java\javapath;C:\Users\Hp\AppData\Local\Programs\Python\Python310\Scripts\;C:\Users\Hp\AppData\Local\Programs\Python\Python310\;C:\Program Files (x86)\VMware\VMware Workstation\bin\;C:\Program Files (x86)\Common Files\Oracle\Java\javapath;C:\windows\system32;C:\windows;C:\windows\System32\Wbem;C:\windows\System32\WindowsPowerShell\v1.0\;C:\windows\System32\OpenSSH\;C:\Program Files (x86)\NVIDIA Corporation\PhysX\Common;C:\Program Files\NVIDIA Corporation\NVIDIA NvDLISR;C:\Program Files\Java\jdk1.8.0_291\bin;C:\Program Files\Kathara;C:\Program Files\Docker\Docker\resources\bin;C:\Program Files\Git\cmd;C:\Program Files\nodejs\;C:\ProgramData\chocolatey\bin;C:\Program Files\MATLAB\R2023b\bin;C:\Program Files\Java\jdk-17\bin;C:\Program Files\dotnet\;C:\Program Files (x86)\Windows Kits\10\Windows Performance Toolkit\;C:\Program Files\Python312\Scripts\;C:\Program Files\Python312\;C:\Program Files\Java\jdk-19\bin;C:\Program Files\MongoDB\Tools\100\bin;C:\Gradle\gradle-8.10.2\bin;C:\Users\Hp\AppData\Local\Microsoft\WindowsApps;C:\Users\Hp\AppData\Local\Programs\Microsoft VS Code\bin;C:\Users\Hp\AppData\Roaming\npm;C:\Users\Hp\AppData\Local\GitHubDesktop\bin;C:\Users\Hp\AppData\Local\Programs\mongosh\;C:\Users\Hp\Desktop\COURS\Bases_de_donnees_distribuees\TD\TD4\mongodb-windows-x86_64-7.0.5\mongodb-win32-x86_64-windows-7.0.5\bin;C:\Users\Hp\Desktop\COURS\Bases_de_donnees_distribuees\TD\TD4\mongosh-2.1.3-win32-x64\mongosh-2.1.3-win32-x64\bin;C:\php-8.3.2;C:\Users\Hp\Desktop\COURS\Bases_de_donnees_distribuees\TP\TP1\Redis-x64-3.2.100;C:\Users\Hp\Desktop\COURS\Bases_de_donnees_distribuees\TP\TP1\Redis-x64-3.2.100\redis-server.exe;C:\HADOOP\bin;C:\SPARK\bin;C:\Users\VotreNomUtilisateur\AppData\Roaming\npm\node_modules\azure-functions-core-tools\bin;C:\Users\Hp\.dotnet\tools;C:\Program Files\JetBrains\IntelliJ IDEA 2024.2.3\bin;C:\Users\Hp\AppData\Local\Pandoc\;C:\Users\Hp\AppData\Local\Programs\MiKTeX\miktex\bin\x64\;C:\Program Files\JetBr
USERNAME=Hp
OS=Windows_NT
PROCESSOR_IDENTIFIER=Intel64 Family 6 Model 140 Stepping 1, GenuineIntel
TMP=C:\Users\Hp\AppData\Local\Temp
TEMP=C:\Users\Hp\AppData\Local\Temp



---------------  S Y S T E M  ---------------

OS: Windows 10 , 64 bit Build 19041 (10.0.19041.5072)
OS uptime: 5 days 0:24 hours
Hyper-V role detected

CPU:total 8 (initial active 8) (4 cores per cpu, 2 threads per core) family 6 model 140 stepping 1 microcode 0x86, cmov, cx8, fxsr, mmx, sse, sse2, sse3, ssse3, sse4.1, sse4.2, popcnt, avx, avx2, aes, clmul, erms, 3dnowpref, lzcnt, ht, tsc, tscinvbit, bmi1, bmi2, adx, evex, sha, fma

Memory: 4k page, system-wide physical 7957M (260M free)
TotalPageFile size 32533M (AvailPageFile size 49M)
current process WorkingSet (physical memory assigned to process): 396M, peak: 432M
current process commit charge ("private bytes"): 572M, peak: 836M

vm_info: OpenJDK 64-Bit Server VM (11.0.24+8-LTS) for windows-amd64 JRE (11.0.24+8-LTS), built on Jul  9 2024 22:03:43 by "Administrator" with MS VC++ 16.10 / 16.11 (VS2019)

END.
